#! /c/Source/iverilog-install/bin/vvp
:ivl_version "12.0 (devel)" "(s20150603-1539-g2693dd32b)";
:ivl_delay_selection "TYPICAL";
:vpi_time_precision + 0;
:vpi_module "C:\iverilog\lib\ivl\system.vpi";
:vpi_module "C:\iverilog\lib\ivl\vhdl_sys.vpi";
:vpi_module "C:\iverilog\lib\ivl\vhdl_textio.vpi";
:vpi_module "C:\iverilog\lib\ivl\v2005_math.vpi";
:vpi_module "C:\iverilog\lib\ivl\va_math.vpi";
S_0000023d913a98f0 .scope module, "multiplexer_2to1_cases_test" "multiplexer_2to1_cases_test" 2 19;
 .timescale 0 0;
v0000023d913abcb0_0 .var "input1", 1 0;
v0000023d91512510_0 .net "out", 0 0, v0000023d913abb70_0;  1 drivers
v0000023d915125b0_0 .var "select", 0 0;
S_0000023d913a9a80 .scope module, "mp" "multiplexer_2to1_cases" 2 29, 2 1 0, S_0000023d913a98f0;
 .timescale 0 0;
    .port_info 0 /OUTPUT 1 "out";
    .port_info 1 /INPUT 2 "input1";
    .port_info 2 /INPUT 1 "select";
v0000023d913a9480_0 .net "input1", 1 0, v0000023d913abcb0_0;  1 drivers
v0000023d913abb70_0 .var "out", 0 0;
v0000023d913abc10_0 .net "select", 0 0, v0000023d915125b0_0;  1 drivers
E_0000023d913abf70 .event anyedge, v0000023d913abc10_0, v0000023d913a9480_0;
    .scope S_0000023d913a9a80;
T_0 ;
    %wait E_0000023d913abf70;
    %load/vec4 v0000023d913abc10_0;
    %dup/vec4;
    %pushi/vec4 0, 0, 1;
    %cmp/x;
    %jmp/1 T_0.0, 4;
    %dup/vec4;
    %pushi/vec4 1, 0, 1;
    %cmp/x;
    %jmp/1 T_0.1, 4;
    %pushi/vec4 1, 1, 1;
    %store/vec4 v0000023d913abb70_0, 0, 1;
    %jmp T_0.3;
T_0.0 ;
    %load/vec4 v0000023d913a9480_0;
    %parti/s 1, 0, 2;
    %store/vec4 v0000023d913abb70_0, 0, 1;
    %jmp T_0.3;
T_0.1 ;
    %load/vec4 v0000023d913a9480_0;
    %parti/s 1, 1, 2;
    %store/vec4 v0000023d913abb70_0, 0, 1;
    %jmp T_0.3;
T_0.3 ;
    %pop/vec4 1;
    %jmp T_0;
    .thread T_0, $push;
    .scope S_0000023d913a98f0;
T_1 ;
    %pushi/vec4 0, 0, 2;
    %store/vec4 v0000023d913abcb0_0, 0, 2;
    %pushi/vec4 0, 0, 1;
    %store/vec4 v0000023d915125b0_0, 0, 1;
    %end;
    .thread T_1;
    .scope S_0000023d913a98f0;
T_2 ;
    %delay 1, 0;
    %load/vec4 v0000023d913abcb0_0;
    %addi 1, 0, 2;
    %store/vec4 v0000023d913abcb0_0, 0, 2;
    %jmp T_2;
    .thread T_2;
    .scope S_0000023d913a98f0;
T_3 ;
    %delay 2, 0;
    %load/vec4 v0000023d915125b0_0;
    %pad/u 2;
    %addi 1, 0, 2;
    %pad/u 1;
    %store/vec4 v0000023d915125b0_0, 0, 1;
    %jmp T_3;
    .thread T_3;
    .scope S_0000023d913a98f0;
T_4 ;
    %vpi_call 2 42 "$dumpfile", "multiplexer_2to1_cases.vcd" {0 0 0};
    %vpi_call 2 43 "$dumpvars", 32'sb00000000000000000000000000000000, S_0000023d913a98f0 {0 0 0};
    %vpi_call 2 44 "$monitor", "time=%g,out =%b,a=%b,b=%b", $time, v0000023d91512510_0, v0000023d913abcb0_0, v0000023d915125b0_0 {0 0 0};
    %end;
    .thread T_4;
    .scope S_0000023d913a98f0;
T_5 ;
    %delay 20, 0;
    %vpi_call 2 46 "$finish" {0 0 0};
    %end;
    .thread T_5;
# The file index is used to find the file name in the following table.
:file_names 3;
    "N/A";
    "<interactive>";
    "multiplexer_2to1_cases.v";
