#! /c/Source/iverilog-install/bin/vvp
:ivl_version "12.0 (devel)" "(s20150603-1539-g2693dd32b)";
:ivl_delay_selection "TYPICAL";
:vpi_time_precision + 0;
:vpi_module "C:\iverilog\lib\ivl\system.vpi";
:vpi_module "C:\iverilog\lib\ivl\vhdl_sys.vpi";
:vpi_module "C:\iverilog\lib\ivl\vhdl_textio.vpi";
:vpi_module "C:\iverilog\lib\ivl\v2005_math.vpi";
:vpi_module "C:\iverilog\lib\ivl\va_math.vpi";
S_0000017938681940 .scope module, "fourbit_subtractor_test" "fourbit_subtractor_test" 2 36;
 .timescale 0 0;
v00000179386e1630_0 .net "Borr", 0 0, v000001793867f560_0;  1 drivers
v00000179386e1270_0 .net "Diff", 3 0, L_00000179386e2710;  1 drivers
v00000179386e20d0_0 .var "input1", 3 0;
v00000179386e1130_0 .var "input2", 3 0;
v00000179386e25d0_0 .var "input3", 0 0;
S_000001793845d620 .scope module, "ha" "fourbit_subtractor" 2 48, 2 2 0, S_0000017938681940;
 .timescale 0 0;
    .port_info 0 /OUTPUT 4 "Diff";
    .port_info 1 /OUTPUT 1 "Borr";
    .port_info 2 /INPUT 4 "input1";
    .port_info 3 /INPUT 4 "input2";
    .port_info 4 /INPUT 1 "input3";
L_00000179386807f0 .functor NOT 1, L_00000179386e1590, C4<0>, C4<0>, C4<0>;
L_0000017938680470 .functor NOT 1, L_00000179386e18b0, C4<0>, C4<0>, C4<0>;
L_0000017938680860 .functor NOT 1, L_00000179386e16d0, C4<0>, C4<0>, C4<0>;
L_0000017938680550 .functor NOT 1, L_00000179386e0eb0, C4<0>, C4<0>, C4<0>;
v00000179386e2210_0 .net "Borr", 0 0, v000001793867f560_0;  alias, 1 drivers
v00000179386e0c30_0 .net "Diff", 3 0, L_00000179386e2710;  alias, 1 drivers
v00000179386e2350_0 .net *"_ivl_19", 0 0, L_00000179386e18b0;  1 drivers
v00000179386e2490_0 .net *"_ivl_32", 0 0, L_00000179386e16d0;  1 drivers
v00000179386e0910_0 .net *"_ivl_43", 0 0, L_00000179386e0eb0;  1 drivers
v00000179386e23f0_0 .net *"_ivl_7", 0 0, L_00000179386e1590;  1 drivers
v00000179386e2530_0 .net "carrybetween", 2 0, L_00000179386e1c70;  1 drivers
v00000179386e2670_0 .net "input1", 3 0, v00000179386e20d0_0;  1 drivers
v00000179386e1ef0_0 .net "input2", 3 0, v00000179386e1130_0;  1 drivers
v00000179386e0af0_0 .net "input3", 0 0, v00000179386e25d0_0;  1 drivers
L_00000179386e0e10 .part v00000179386e20d0_0, 0, 1;
L_00000179386e1590 .part v00000179386e1130_0, 0, 1;
L_00000179386e0b90 .part v00000179386e20d0_0, 1, 1;
L_00000179386e18b0 .part v00000179386e1130_0, 1, 1;
L_00000179386e1f90 .part L_00000179386e1c70, 0, 1;
L_00000179386e1c70 .concat8 [ 1 1 1 0], v000001793867f060_0, v000001793867f240_0, v000001793867fa60_0;
L_00000179386e0cd0 .part v00000179386e20d0_0, 2, 1;
L_00000179386e16d0 .part v00000179386e1130_0, 2, 1;
L_00000179386e2030 .part L_00000179386e1c70, 1, 1;
L_00000179386e2710 .concat8 [ 1 1 1 1], v000001793867f740_0, v000001793867f2e0_0, v000001793867f600_0, v00000179386e0a50_0;
L_00000179386e27b0 .part v00000179386e20d0_0, 3, 1;
L_00000179386e0eb0 .part v00000179386e1130_0, 3, 1;
L_00000179386e09b0 .part L_00000179386e1c70, 2, 1;
S_000001793845d7b0 .scope module, "fs1" "fulladder_behavioral" 2 10, 2 19 0, S_000001793845d620;
 .timescale 0 0;
    .port_info 0 /OUTPUT 1 "sumfa";
    .port_info 1 /OUTPUT 1 "carryfa";
    .port_info 2 /INPUT 1 "input1fa";
    .port_info 3 /INPUT 1 "input2fa";
    .port_info 4 /INPUT 1 "input3fa";
v000001793867f060_0 .var "carryfa", 0 0;
v000001793867f7e0_0 .net "input1fa", 0 0, L_00000179386e0e10;  1 drivers
v000001793867f380_0 .net "input2fa", 0 0, L_00000179386807f0;  1 drivers
L_00000179386e38e8 .functor BUFT 1, C4<1>, C4<0>, C4<0>, C4<0>;
v000001793867f1a0_0 .net "input3fa", 0 0, L_00000179386e38e8;  1 drivers
v000001793867f740_0 .var "sumfa", 0 0;
E_000001793867c990 .event anyedge, v000001793867f7e0_0, v000001793867f380_0, v000001793867f1a0_0;
S_0000017938652510 .scope module, "fs2" "fulladder_behavioral" 2 11, 2 19 0, S_000001793845d620;
 .timescale 0 0;
    .port_info 0 /OUTPUT 1 "sumfa";
    .port_info 1 /OUTPUT 1 "carryfa";
    .port_info 2 /INPUT 1 "input1fa";
    .port_info 3 /INPUT 1 "input2fa";
    .port_info 4 /INPUT 1 "input3fa";
v000001793867f240_0 .var "carryfa", 0 0;
v000001793867f880_0 .net "input1fa", 0 0, L_00000179386e0b90;  1 drivers
v000001793867fb00_0 .net "input2fa", 0 0, L_0000017938680470;  1 drivers
v000001793867f420_0 .net "input3fa", 0 0, L_00000179386e1f90;  1 drivers
v000001793867f2e0_0 .var "sumfa", 0 0;
E_000001793867cf90 .event anyedge, v000001793867f880_0, v000001793867fb00_0, v000001793867f420_0;
S_00000179386526a0 .scope module, "fs3" "fulladder_behavioral" 2 12, 2 19 0, S_000001793845d620;
 .timescale 0 0;
    .port_info 0 /OUTPUT 1 "sumfa";
    .port_info 1 /OUTPUT 1 "carryfa";
    .port_info 2 /INPUT 1 "input1fa";
    .port_info 3 /INPUT 1 "input2fa";
    .port_info 4 /INPUT 1 "input3fa";
v000001793867fa60_0 .var "carryfa", 0 0;
v000001793867fba0_0 .net "input1fa", 0 0, L_00000179386e0cd0;  1 drivers
v000001793867fc40_0 .net "input2fa", 0 0, L_0000017938680860;  1 drivers
v000001793867f4c0_0 .net "input3fa", 0 0, L_00000179386e2030;  1 drivers
v000001793867f600_0 .var "sumfa", 0 0;
E_000001793867ccd0 .event anyedge, v000001793867fba0_0, v000001793867fc40_0, v000001793867f4c0_0;
S_0000017938681ee0 .scope module, "fs4" "fulladder_behavioral" 2 13, 2 19 0, S_000001793845d620;
 .timescale 0 0;
    .port_info 0 /OUTPUT 1 "sumfa";
    .port_info 1 /OUTPUT 1 "carryfa";
    .port_info 2 /INPUT 1 "input1fa";
    .port_info 3 /INPUT 1 "input2fa";
    .port_info 4 /INPUT 1 "input3fa";
v000001793867f560_0 .var "carryfa", 0 0;
v00000179386e1950_0 .net "input1fa", 0 0, L_00000179386e27b0;  1 drivers
v00000179386e22b0_0 .net "input2fa", 0 0, L_0000017938680550;  1 drivers
v00000179386e11d0_0 .net "input3fa", 0 0, L_00000179386e09b0;  1 drivers
v00000179386e0a50_0 .var "sumfa", 0 0;
E_000001793867c7d0 .event anyedge, v00000179386e1950_0, v00000179386e22b0_0, v00000179386e11d0_0;
    .scope S_000001793845d7b0;
T_0 ;
    %wait E_000001793867c990;
    %load/vec4 v000001793867f7e0_0;
    %load/vec4 v000001793867f380_0;
    %xor;
    %load/vec4 v000001793867f1a0_0;
    %xor;
    %store/vec4 v000001793867f740_0, 0, 1;
    %load/vec4 v000001793867f7e0_0;
    %load/vec4 v000001793867f380_0;
    %and;
    %load/vec4 v000001793867f380_0;
    %load/vec4 v000001793867f1a0_0;
    %and;
    %or;
    %load/vec4 v000001793867f7e0_0;
    %load/vec4 v000001793867f1a0_0;
    %and;
    %or;
    %store/vec4 v000001793867f060_0, 0, 1;
    %jmp T_0;
    .thread T_0, $push;
    .scope S_0000017938652510;
T_1 ;
    %wait E_000001793867cf90;
    %load/vec4 v000001793867f880_0;
    %load/vec4 v000001793867fb00_0;
    %xor;
    %load/vec4 v000001793867f420_0;
    %xor;
    %store/vec4 v000001793867f2e0_0, 0, 1;
    %load/vec4 v000001793867f880_0;
    %load/vec4 v000001793867fb00_0;
    %and;
    %load/vec4 v000001793867fb00_0;
    %load/vec4 v000001793867f420_0;
    %and;
    %or;
    %load/vec4 v000001793867f880_0;
    %load/vec4 v000001793867f420_0;
    %and;
    %or;
    %store/vec4 v000001793867f240_0, 0, 1;
    %jmp T_1;
    .thread T_1, $push;
    .scope S_00000179386526a0;
T_2 ;
    %wait E_000001793867ccd0;
    %load/vec4 v000001793867fba0_0;
    %load/vec4 v000001793867fc40_0;
    %xor;
    %load/vec4 v000001793867f4c0_0;
    %xor;
    %store/vec4 v000001793867f600_0, 0, 1;
    %load/vec4 v000001793867fba0_0;
    %load/vec4 v000001793867fc40_0;
    %and;
    %load/vec4 v000001793867fc40_0;
    %load/vec4 v000001793867f4c0_0;
    %and;
    %or;
    %load/vec4 v000001793867fba0_0;
    %load/vec4 v000001793867f4c0_0;
    %and;
    %or;
    %store/vec4 v000001793867fa60_0, 0, 1;
    %jmp T_2;
    .thread T_2, $push;
    .scope S_0000017938681ee0;
T_3 ;
    %wait E_000001793867c7d0;
    %load/vec4 v00000179386e1950_0;
    %load/vec4 v00000179386e22b0_0;
    %xor;
    %load/vec4 v00000179386e11d0_0;
    %xor;
    %store/vec4 v00000179386e0a50_0, 0, 1;
    %load/vec4 v00000179386e1950_0;
    %load/vec4 v00000179386e22b0_0;
    %and;
    %load/vec4 v00000179386e22b0_0;
    %load/vec4 v00000179386e11d0_0;
    %and;
    %or;
    %load/vec4 v00000179386e1950_0;
    %load/vec4 v00000179386e11d0_0;
    %and;
    %or;
    %store/vec4 v000001793867f560_0, 0, 1;
    %jmp T_3;
    .thread T_3, $push;
    .scope S_0000017938681940;
T_4 ;
    %pushi/vec4 0, 0, 4;
    %store/vec4 v00000179386e20d0_0, 0, 4;
    %pushi/vec4 0, 0, 4;
    %store/vec4 v00000179386e1130_0, 0, 4;
    %pushi/vec4 0, 0, 1;
    %store/vec4 v00000179386e25d0_0, 0, 1;
    %end;
    .thread T_4;
    .scope S_0000017938681940;
T_5 ;
    %delay 1, 0;
    %load/vec4 v00000179386e1130_0;
    %addi 1, 0, 4;
    %store/vec4 v00000179386e1130_0, 0, 4;
    %jmp T_5;
    .thread T_5;
    .scope S_0000017938681940;
T_6 ;
    %delay 2, 0;
    %load/vec4 v00000179386e20d0_0;
    %addi 1, 0, 4;
    %store/vec4 v00000179386e20d0_0, 0, 4;
    %jmp T_6;
    .thread T_6;
    .scope S_0000017938681940;
T_7 ;
    %vpi_call 2 60 "$dumpfile", "fourbit_subtractor.vcd" {0 0 0};
    %vpi_call 2 61 "$dumpvars", 32'sb00000000000000000000000000000000, S_0000017938681940 {0 0 0};
    %vpi_call 2 62 "$monitor", "time=%g,Diff =%b,Borr =%b,a=%b,b=%b,c=%b", $time, v00000179386e1270_0, v00000179386e1630_0, v00000179386e20d0_0, v00000179386e1130_0, v00000179386e25d0_0 {0 0 0};
    %end;
    .thread T_7;
    .scope S_0000017938681940;
T_8 ;
    %delay 100, 0;
    %vpi_call 2 64 "$finish" {0 0 0};
    %end;
    .thread T_8;
# The file index is used to find the file name in the following table.
:file_names 3;
    "N/A";
    "<interactive>";
    "fourbit_subtractor.v";
