#! /c/Source/iverilog-install/bin/vvp
:ivl_version "12.0 (devel)" "(s20150603-1539-g2693dd32b)";
:ivl_delay_selection "TYPICAL";
:vpi_time_precision - 12;
:vpi_module "C:\iverilog\lib\ivl\system.vpi";
:vpi_module "C:\iverilog\lib\ivl\vhdl_sys.vpi";
:vpi_module "C:\iverilog\lib\ivl\vhdl_textio.vpi";
:vpi_module "C:\iverilog\lib\ivl\v2005_math.vpi";
:vpi_module "C:\iverilog\lib\ivl\va_math.vpi";
S_000001f7015133f0 .scope module, "demultiplexer_1to8_test" "demultiplexer_1to8_test" 2 39;
 .timescale -9 -12;
v000001f701574210_0 .var "input1", 0 0;
v000001f701574f30_0 .net "out", 7 0, L_000001f701576290;  1 drivers
v000001f701574c10_0 .var "select", 2 0;
S_000001f701516fd0 .scope module, "mp" "demultiplexer_1to8" 2 49, 2 3 0, S_000001f7015133f0;
 .timescale -9 -12;
    .port_info 0 /OUTPUT 8 "out";
    .port_info 1 /INPUT 1 "input1";
    .port_info 2 /INPUT 3 "select";
v000001f701574030_0 .net "input1", 0 0, v000001f701574210_0;  1 drivers
v000001f7015748f0_0 .net "interconnections", 5 0, L_000001f701574fd0;  1 drivers
v000001f7015740d0_0 .net "out", 7 0, L_000001f701576290;  alias, 1 drivers
v000001f701574170_0 .net "select", 2 0, v000001f701574c10_0;  1 drivers
L_000001f701574350 .part v000001f701574c10_0, 0, 1;
L_000001f7015731d0 .part L_000001f701574fd0, 0, 1;
L_000001f701574990 .part v000001f701574c10_0, 1, 1;
L_000001f701574fd0 .concat8 [ 2 2 2 0], L_000001f7015742b0, L_000001f701574850, L_000001f701574df0;
L_000001f701573130 .part L_000001f701574fd0, 1, 1;
L_000001f701577b90 .part v000001f701574c10_0, 1, 1;
L_000001f7015772d0 .part L_000001f701574fd0, 2, 1;
L_000001f701577c30 .part v000001f701574c10_0, 2, 1;
L_000001f701577410 .part L_000001f701574fd0, 3, 1;
L_000001f701577730 .part v000001f701574c10_0, 2, 1;
L_000001f701576330 .part L_000001f701574fd0, 4, 1;
L_000001f701577d70 .part v000001f701574c10_0, 2, 1;
L_000001f701576290 .concat8 [ 2 2 2 2], L_000001f701577af0, L_000001f701577ff0, L_000001f701577cd0, L_000001f701577370;
L_000001f701576150 .part L_000001f701574fd0, 5, 1;
L_000001f701576830 .part v000001f701574c10_0, 2, 1;
S_000001f701517160 .scope module, "dm1t21" "demultiplexer_1to2" 2 13, 2 26 0, S_000001f701516fd0;
 .timescale -9 -12;
    .port_info 0 /OUTPUT 2 "out";
    .port_info 1 /INPUT 1 "input1";
    .port_info 2 /INPUT 1 "select";
L_000001f70150c780 .functor NOT 1, L_000001f701574350, C4<0>, C4<0>, C4<0>;
L_000001f70150c9b0 .functor AND 1, L_000001f70150c780, v000001f701574210_0, C4<1>, C4<1>;
L_000001f70150c7f0 .functor AND 1, L_000001f701574350, v000001f701574210_0, C4<1>, C4<1>;
v000001f70150d4c0_0 .net *"_ivl_2", 0 0, L_000001f70150c780;  1 drivers
v000001f70150cc00_0 .net *"_ivl_4", 0 0, L_000001f70150c9b0;  1 drivers
v000001f70150d920_0 .net *"_ivl_9", 0 0, L_000001f70150c7f0;  1 drivers
v000001f70150cca0_0 .net "input1", 0 0, v000001f701574210_0;  alias, 1 drivers
v000001f70150d880_0 .net "out", 1 0, L_000001f7015742b0;  1 drivers
v000001f70150cde0_0 .net "select", 0 0, L_000001f701574350;  1 drivers
L_000001f7015742b0 .concat8 [ 1 1 0 0], L_000001f70150c9b0, L_000001f70150c7f0;
S_000001f7015143e0 .scope module, "dm1t22" "demultiplexer_1to2" 2 15, 2 26 0, S_000001f701516fd0;
 .timescale -9 -12;
    .port_info 0 /OUTPUT 2 "out";
    .port_info 1 /INPUT 1 "input1";
    .port_info 2 /INPUT 1 "select";
L_000001f70150c470 .functor NOT 1, L_000001f701574990, C4<0>, C4<0>, C4<0>;
L_000001f7015751b0 .functor AND 1, L_000001f70150c470, L_000001f7015731d0, C4<1>, C4<1>;
L_000001f7015755a0 .functor AND 1, L_000001f701574990, L_000001f7015731d0, C4<1>, C4<1>;
v000001f70150cd40_0 .net *"_ivl_2", 0 0, L_000001f70150c470;  1 drivers
v000001f701573450_0 .net *"_ivl_4", 0 0, L_000001f7015751b0;  1 drivers
v000001f7015738b0_0 .net *"_ivl_9", 0 0, L_000001f7015755a0;  1 drivers
v000001f701574d50_0 .net "input1", 0 0, L_000001f7015731d0;  1 drivers
v000001f701573ef0_0 .net "out", 1 0, L_000001f701574850;  1 drivers
v000001f701574e90_0 .net "select", 0 0, L_000001f701574990;  1 drivers
L_000001f701574850 .concat8 [ 1 1 0 0], L_000001f7015751b0, L_000001f7015755a0;
S_000001f701514570 .scope module, "dm1t23" "demultiplexer_1to2" 2 16, 2 26 0, S_000001f701516fd0;
 .timescale -9 -12;
    .port_info 0 /OUTPUT 2 "out";
    .port_info 1 /INPUT 1 "input1";
    .port_info 2 /INPUT 1 "select";
L_000001f7015757d0 .functor NOT 1, L_000001f701577b90, C4<0>, C4<0>, C4<0>;
L_000001f701575fb0 .functor AND 1, L_000001f7015757d0, L_000001f701573130, C4<1>, C4<1>;
L_000001f701575530 .functor AND 1, L_000001f701577b90, L_000001f701573130, C4<1>, C4<1>;
v000001f701574490_0 .net *"_ivl_2", 0 0, L_000001f7015757d0;  1 drivers
v000001f701574a30_0 .net *"_ivl_4", 0 0, L_000001f701575fb0;  1 drivers
v000001f701574ad0_0 .net *"_ivl_9", 0 0, L_000001f701575530;  1 drivers
v000001f701573590_0 .net "input1", 0 0, L_000001f701573130;  1 drivers
v000001f701573b30_0 .net "out", 1 0, L_000001f701574df0;  1 drivers
v000001f701574710_0 .net "select", 0 0, L_000001f701577b90;  1 drivers
L_000001f701574df0 .concat8 [ 1 1 0 0], L_000001f701575fb0, L_000001f701575530;
S_000001f7014e2510 .scope module, "dm1t24" "demultiplexer_1to2" 2 18, 2 26 0, S_000001f701516fd0;
 .timescale -9 -12;
    .port_info 0 /OUTPUT 2 "out";
    .port_info 1 /INPUT 1 "input1";
    .port_info 2 /INPUT 1 "select";
L_000001f701575840 .functor NOT 1, L_000001f701577c30, C4<0>, C4<0>, C4<0>;
L_000001f701575b50 .functor AND 1, L_000001f701575840, L_000001f7015772d0, C4<1>, C4<1>;
L_000001f701575760 .functor AND 1, L_000001f701577c30, L_000001f7015772d0, C4<1>, C4<1>;
v000001f7015743f0_0 .net *"_ivl_2", 0 0, L_000001f701575840;  1 drivers
v000001f701574b70_0 .net *"_ivl_4", 0 0, L_000001f701575b50;  1 drivers
v000001f7015736d0_0 .net *"_ivl_9", 0 0, L_000001f701575760;  1 drivers
v000001f7015745d0_0 .net "input1", 0 0, L_000001f7015772d0;  1 drivers
v000001f701573630_0 .net "out", 1 0, L_000001f701577af0;  1 drivers
v000001f701573d10_0 .net "select", 0 0, L_000001f701577c30;  1 drivers
L_000001f701577af0 .concat8 [ 1 1 0 0], L_000001f701575b50, L_000001f701575760;
S_000001f7014e26a0 .scope module, "dm1t25" "demultiplexer_1to2" 2 19, 2 26 0, S_000001f701516fd0;
 .timescale -9 -12;
    .port_info 0 /OUTPUT 2 "out";
    .port_info 1 /INPUT 1 "input1";
    .port_info 2 /INPUT 1 "select";
L_000001f701575450 .functor NOT 1, L_000001f701577730, C4<0>, C4<0>, C4<0>;
L_000001f701575920 .functor AND 1, L_000001f701575450, L_000001f701577410, C4<1>, C4<1>;
L_000001f701575990 .functor AND 1, L_000001f701577730, L_000001f701577410, C4<1>, C4<1>;
v000001f7015734f0_0 .net *"_ivl_2", 0 0, L_000001f701575450;  1 drivers
v000001f701573950_0 .net *"_ivl_4", 0 0, L_000001f701575920;  1 drivers
v000001f701573db0_0 .net *"_ivl_9", 0 0, L_000001f701575990;  1 drivers
v000001f701573270_0 .net "input1", 0 0, L_000001f701577410;  1 drivers
v000001f701573310_0 .net "out", 1 0, L_000001f701577ff0;  1 drivers
v000001f701573770_0 .net "select", 0 0, L_000001f701577730;  1 drivers
L_000001f701577ff0 .concat8 [ 1 1 0 0], L_000001f701575920, L_000001f701575990;
S_000001f7014e2830 .scope module, "dm1t26" "demultiplexer_1to2" 2 20, 2 26 0, S_000001f701516fd0;
 .timescale -9 -12;
    .port_info 0 /OUTPUT 2 "out";
    .port_info 1 /INPUT 1 "input1";
    .port_info 2 /INPUT 1 "select";
L_000001f701575610 .functor NOT 1, L_000001f701577d70, C4<0>, C4<0>, C4<0>;
L_000001f701576020 .functor AND 1, L_000001f701575610, L_000001f701576330, C4<1>, C4<1>;
L_000001f701575a00 .functor AND 1, L_000001f701577d70, L_000001f701576330, C4<1>, C4<1>;
v000001f701573bd0_0 .net *"_ivl_2", 0 0, L_000001f701575610;  1 drivers
v000001f701573c70_0 .net *"_ivl_4", 0 0, L_000001f701576020;  1 drivers
v000001f7015739f0_0 .net *"_ivl_9", 0 0, L_000001f701575a00;  1 drivers
v000001f701573810_0 .net "input1", 0 0, L_000001f701576330;  1 drivers
v000001f701573e50_0 .net "out", 1 0, L_000001f701577cd0;  1 drivers
v000001f701573a90_0 .net "select", 0 0, L_000001f701577d70;  1 drivers
L_000001f701577cd0 .concat8 [ 1 1 0 0], L_000001f701576020, L_000001f701575a00;
S_000001f701513880 .scope module, "dm1t27" "demultiplexer_1to2" 2 21, 2 26 0, S_000001f701516fd0;
 .timescale -9 -12;
    .port_info 0 /OUTPUT 2 "out";
    .port_info 1 /INPUT 1 "input1";
    .port_info 2 /INPUT 1 "select";
L_000001f701575680 .functor NOT 1, L_000001f701576830, C4<0>, C4<0>, C4<0>;
L_000001f701575300 .functor AND 1, L_000001f701575680, L_000001f701576150, C4<1>, C4<1>;
L_000001f701575290 .functor AND 1, L_000001f701576830, L_000001f701576150, C4<1>, C4<1>;
v000001f701574670_0 .net *"_ivl_2", 0 0, L_000001f701575680;  1 drivers
v000001f7015747b0_0 .net *"_ivl_4", 0 0, L_000001f701575300;  1 drivers
v000001f7015733b0_0 .net *"_ivl_9", 0 0, L_000001f701575290;  1 drivers
v000001f701573f90_0 .net "input1", 0 0, L_000001f701576150;  1 drivers
v000001f701574530_0 .net "out", 1 0, L_000001f701577370;  1 drivers
v000001f701574cb0_0 .net "select", 0 0, L_000001f701576830;  1 drivers
L_000001f701577370 .concat8 [ 1 1 0 0], L_000001f701575300, L_000001f701575290;
    .scope S_000001f7015133f0;
T_0 ;
    %pushi/vec4 0, 0, 3;
    %store/vec4 v000001f701574c10_0, 0, 3;
    %pushi/vec4 0, 0, 1;
    %store/vec4 v000001f701574210_0, 0, 1;
    %end;
    .thread T_0;
    .scope S_000001f7015133f0;
T_1 ;
    %delay 1000, 0;
    %load/vec4 v000001f701574c10_0;
    %addi 1, 0, 3;
    %store/vec4 v000001f701574c10_0, 0, 3;
    %jmp T_1;
    .thread T_1;
    .scope S_000001f7015133f0;
T_2 ;
    %delay 8000, 0;
    %load/vec4 v000001f701574210_0;
    %addi 1, 0, 1;
    %store/vec4 v000001f701574210_0, 0, 1;
    %jmp T_2;
    .thread T_2;
    .scope S_000001f7015133f0;
T_3 ;
    %vpi_call 2 63 "$dumpfile", "demultiplexer_1to8.vcd" {0 0 0};
    %vpi_call 2 64 "$dumpvars", 32'sb00000000000000000000000000000000, S_000001f7015133f0 {0 0 0};
    %vpi_call 2 65 "$monitor", "time = %g, out = %b, input1 = %b, select = %b", $time, v000001f701574f30_0, v000001f701574210_0, v000001f701574c10_0 {0 0 0};
    %end;
    .thread T_3;
    .scope S_000001f7015133f0;
T_4 ;
    %delay 32000, 0;
    %vpi_call 2 67 "$finish" {0 0 0};
    %end;
    .thread T_4;
# The file index is used to find the file name in the following table.
:file_names 3;
    "N/A";
    "<interactive>";
    "demultiplexer_1to8.v";
