#! /c/Source/iverilog-install/bin/vvp
:ivl_version "12.0 (devel)" "(s20150603-1539-g2693dd32b)";
:ivl_delay_selection "TYPICAL";
:vpi_time_precision + 0;
:vpi_module "C:\iverilog\lib\ivl\system.vpi";
:vpi_module "C:\iverilog\lib\ivl\vhdl_sys.vpi";
:vpi_module "C:\iverilog\lib\ivl\vhdl_textio.vpi";
:vpi_module "C:\iverilog\lib\ivl\v2005_math.vpi";
:vpi_module "C:\iverilog\lib\ivl\va_math.vpi";
S_000001ef5020a170 .scope module, "fulladder_test" "fulladder_test" 2 12;
 .timescale 0 0;
v000001ef500ed3b0_0 .net "carry", 0 0, L_000001ef500eda40;  1 drivers
v000001ef500ec910_0 .var "input1", 0 0;
v000001ef500ecd70_0 .var "input2", 0 0;
v000001ef500ed1d0_0 .var "input3", 0 0;
v000001ef500ec9b0_0 .net "sum", 0 0, L_000001ef500a7410;  1 drivers
S_000001ef5020b7a0 .scope module, "ha" "fulladder_dataflow" 2 24, 2 1 0, S_000001ef5020a170;
 .timescale 0 0;
    .port_info 0 /OUTPUT 1 "sum";
    .port_info 1 /OUTPUT 1 "carry";
    .port_info 2 /INPUT 1 "input1";
    .port_info 3 /INPUT 1 "input2";
    .port_info 4 /INPUT 1 "input3";
L_000001ef500a7170 .functor XOR 1, v000001ef500ec910_0, v000001ef500ecd70_0, C4<0>, C4<0>;
L_000001ef500a7410 .functor XOR 1, L_000001ef500a7170, v000001ef500ed1d0_0, C4<0>, C4<0>;
L_000001ef500a75d0 .functor AND 1, v000001ef500ec910_0, v000001ef500ecd70_0, C4<1>, C4<1>;
L_000001ef500a7640 .functor AND 1, v000001ef500ecd70_0, v000001ef500ed1d0_0, C4<1>, C4<1>;
L_000001ef500ee530 .functor OR 1, L_000001ef500a75d0, L_000001ef500a7640, C4<0>, C4<0>;
L_000001ef500edd50 .functor AND 1, v000001ef500ec910_0, v000001ef500ed1d0_0, C4<1>, C4<1>;
L_000001ef500eda40 .functor OR 1, L_000001ef500ee530, L_000001ef500edd50, C4<0>, C4<0>;
v000001ef5020bd40_0 .net *"_ivl_0", 0 0, L_000001ef500a7170;  1 drivers
v000001ef50209f20_0 .net *"_ivl_10", 0 0, L_000001ef500edd50;  1 drivers
v000001ef5020b930_0 .net *"_ivl_4", 0 0, L_000001ef500a75d0;  1 drivers
v000001ef5020b9d0_0 .net *"_ivl_6", 0 0, L_000001ef500a7640;  1 drivers
v000001ef50072510_0 .net *"_ivl_8", 0 0, L_000001ef500ee530;  1 drivers
v000001ef500725b0_0 .net "carry", 0 0, L_000001ef500eda40;  alias, 1 drivers
v000001ef50072650_0 .net "input1", 0 0, v000001ef500ec910_0;  1 drivers
v000001ef500726f0_0 .net "input2", 0 0, v000001ef500ecd70_0;  1 drivers
v000001ef50072790_0 .net "input3", 0 0, v000001ef500ed1d0_0;  1 drivers
v000001ef50072830_0 .net "sum", 0 0, L_000001ef500a7410;  alias, 1 drivers
    .scope S_000001ef5020a170;
T_0 ;
    %pushi/vec4 0, 0, 3;
    %split/vec4 1;
    %store/vec4 v000001ef500ed1d0_0, 0, 1;
    %split/vec4 1;
    %store/vec4 v000001ef500ecd70_0, 0, 1;
    %store/vec4 v000001ef500ec910_0, 0, 1;
    %delay 2, 0;
    %pushi/vec4 1, 0, 3;
    %split/vec4 1;
    %store/vec4 v000001ef500ed1d0_0, 0, 1;
    %split/vec4 1;
    %store/vec4 v000001ef500ecd70_0, 0, 1;
    %store/vec4 v000001ef500ec910_0, 0, 1;
    %delay 2, 0;
    %pushi/vec4 2, 0, 3;
    %split/vec4 1;
    %store/vec4 v000001ef500ed1d0_0, 0, 1;
    %split/vec4 1;
    %store/vec4 v000001ef500ecd70_0, 0, 1;
    %store/vec4 v000001ef500ec910_0, 0, 1;
    %delay 2, 0;
    %pushi/vec4 3, 0, 3;
    %split/vec4 1;
    %store/vec4 v000001ef500ed1d0_0, 0, 1;
    %split/vec4 1;
    %store/vec4 v000001ef500ecd70_0, 0, 1;
    %store/vec4 v000001ef500ec910_0, 0, 1;
    %delay 2, 0;
    %pushi/vec4 4, 0, 3;
    %split/vec4 1;
    %store/vec4 v000001ef500ed1d0_0, 0, 1;
    %split/vec4 1;
    %store/vec4 v000001ef500ecd70_0, 0, 1;
    %store/vec4 v000001ef500ec910_0, 0, 1;
    %delay 2, 0;
    %pushi/vec4 5, 0, 3;
    %split/vec4 1;
    %store/vec4 v000001ef500ed1d0_0, 0, 1;
    %split/vec4 1;
    %store/vec4 v000001ef500ecd70_0, 0, 1;
    %store/vec4 v000001ef500ec910_0, 0, 1;
    %delay 2, 0;
    %pushi/vec4 6, 0, 3;
    %split/vec4 1;
    %store/vec4 v000001ef500ed1d0_0, 0, 1;
    %split/vec4 1;
    %store/vec4 v000001ef500ecd70_0, 0, 1;
    %store/vec4 v000001ef500ec910_0, 0, 1;
    %delay 2, 0;
    %pushi/vec4 7, 0, 3;
    %split/vec4 1;
    %store/vec4 v000001ef500ed1d0_0, 0, 1;
    %split/vec4 1;
    %store/vec4 v000001ef500ecd70_0, 0, 1;
    %store/vec4 v000001ef500ec910_0, 0, 1;
    %end;
    .thread T_0;
    .scope S_000001ef5020a170;
T_1 ;
    %vpi_call 2 40 "$dumpfile", "fulladder_dataflow.vcd" {0 0 0};
    %vpi_call 2 41 "$dumpvars", 32'sb00000000000000000000000000000000, S_000001ef5020a170 {0 0 0};
    %vpi_call 2 42 "$monitor", "time=%g,sum =%b,carry =%b,a=%b,b=%b,c=%b", $time, v000001ef500ec9b0_0, v000001ef500ed3b0_0, v000001ef500ec910_0, v000001ef500ecd70_0, v000001ef500ed1d0_0 {0 0 0};
    %end;
    .thread T_1;
    .scope S_000001ef5020a170;
T_2 ;
    %delay 10, 0;
    %vpi_call 2 44 "$finish" {0 0 0};
    %end;
    .thread T_2;
# The file index is used to find the file name in the following table.
:file_names 3;
    "N/A";
    "<interactive>";
    "fulladder_dataflow.v";
