#! /c/Source/iverilog-install/bin/vvp
:ivl_version "12.0 (devel)" "(s20150603-1539-g2693dd32b)";
:ivl_delay_selection "TYPICAL";
:vpi_time_precision + 0;
:vpi_module "C:\iverilog\lib\ivl\system.vpi";
:vpi_module "C:\iverilog\lib\ivl\vhdl_sys.vpi";
:vpi_module "C:\iverilog\lib\ivl\vhdl_textio.vpi";
:vpi_module "C:\iverilog\lib\ivl\v2005_math.vpi";
:vpi_module "C:\iverilog\lib\ivl\va_math.vpi";
S_0000022f8299ba90 .scope module, "fulladder_test" "fulladder_test" 2 16;
 .timescale 0 0;
v0000022f829e5a90_0 .net "carry", 0 0, v0000022f82999440_0;  1 drivers
v0000022f829e5b30_0 .var "input1", 0 0;
v0000022f829e5bd0_0 .var "input2", 0 0;
v0000022f829d4b60_0 .var "input3", 0 0;
v0000022f829d4c00_0 .net "sum", 0 0, v0000022f829e59f0_0;  1 drivers
S_0000022f829e5860 .scope module, "ha" "fulladder_behavioral" 2 28, 2 1 0, S_0000022f8299ba90;
 .timescale 0 0;
    .port_info 0 /OUTPUT 1 "sum";
    .port_info 1 /OUTPUT 1 "carry";
    .port_info 2 /INPUT 1 "input1";
    .port_info 3 /INPUT 1 "input2";
    .port_info 4 /INPUT 1 "input3";
v0000022f82999440_0 .var "carry", 0 0;
v0000022f829b2910_0 .net "input1", 0 0, v0000022f829e5b30_0;  1 drivers
v0000022f8299bc20_0 .net "input2", 0 0, v0000022f829e5bd0_0;  1 drivers
v0000022f8299bcc0_0 .net "input3", 0 0, v0000022f829d4b60_0;  1 drivers
v0000022f829e59f0_0 .var "sum", 0 0;
E_0000022f829e8930 .event anyedge, v0000022f829b2910_0, v0000022f8299bc20_0, v0000022f8299bcc0_0;
    .scope S_0000022f829e5860;
T_0 ;
    %wait E_0000022f829e8930;
    %load/vec4 v0000022f829b2910_0;
    %load/vec4 v0000022f8299bc20_0;
    %xor;
    %load/vec4 v0000022f8299bcc0_0;
    %xor;
    %store/vec4 v0000022f829e59f0_0, 0, 1;
    %load/vec4 v0000022f829b2910_0;
    %load/vec4 v0000022f8299bc20_0;
    %and;
    %load/vec4 v0000022f8299bc20_0;
    %load/vec4 v0000022f8299bcc0_0;
    %and;
    %or;
    %load/vec4 v0000022f829b2910_0;
    %load/vec4 v0000022f8299bcc0_0;
    %and;
    %or;
    %store/vec4 v0000022f82999440_0, 0, 1;
    %jmp T_0;
    .thread T_0, $push;
    .scope S_0000022f8299ba90;
T_1 ;
    %pushi/vec4 0, 0, 3;
    %split/vec4 1;
    %store/vec4 v0000022f829d4b60_0, 0, 1;
    %split/vec4 1;
    %store/vec4 v0000022f829e5bd0_0, 0, 1;
    %store/vec4 v0000022f829e5b30_0, 0, 1;
    %delay 2, 0;
    %pushi/vec4 1, 0, 3;
    %split/vec4 1;
    %store/vec4 v0000022f829d4b60_0, 0, 1;
    %split/vec4 1;
    %store/vec4 v0000022f829e5bd0_0, 0, 1;
    %store/vec4 v0000022f829e5b30_0, 0, 1;
    %delay 2, 0;
    %pushi/vec4 2, 0, 3;
    %split/vec4 1;
    %store/vec4 v0000022f829d4b60_0, 0, 1;
    %split/vec4 1;
    %store/vec4 v0000022f829e5bd0_0, 0, 1;
    %store/vec4 v0000022f829e5b30_0, 0, 1;
    %delay 2, 0;
    %pushi/vec4 3, 0, 3;
    %split/vec4 1;
    %store/vec4 v0000022f829d4b60_0, 0, 1;
    %split/vec4 1;
    %store/vec4 v0000022f829e5bd0_0, 0, 1;
    %store/vec4 v0000022f829e5b30_0, 0, 1;
    %delay 2, 0;
    %pushi/vec4 4, 0, 3;
    %split/vec4 1;
    %store/vec4 v0000022f829d4b60_0, 0, 1;
    %split/vec4 1;
    %store/vec4 v0000022f829e5bd0_0, 0, 1;
    %store/vec4 v0000022f829e5b30_0, 0, 1;
    %delay 2, 0;
    %pushi/vec4 5, 0, 3;
    %split/vec4 1;
    %store/vec4 v0000022f829d4b60_0, 0, 1;
    %split/vec4 1;
    %store/vec4 v0000022f829e5bd0_0, 0, 1;
    %store/vec4 v0000022f829e5b30_0, 0, 1;
    %delay 2, 0;
    %pushi/vec4 6, 0, 3;
    %split/vec4 1;
    %store/vec4 v0000022f829d4b60_0, 0, 1;
    %split/vec4 1;
    %store/vec4 v0000022f829e5bd0_0, 0, 1;
    %store/vec4 v0000022f829e5b30_0, 0, 1;
    %delay 2, 0;
    %pushi/vec4 7, 0, 3;
    %split/vec4 1;
    %store/vec4 v0000022f829d4b60_0, 0, 1;
    %split/vec4 1;
    %store/vec4 v0000022f829e5bd0_0, 0, 1;
    %store/vec4 v0000022f829e5b30_0, 0, 1;
    %end;
    .thread T_1;
    .scope S_0000022f8299ba90;
T_2 ;
    %vpi_call 2 44 "$dumpfile", "fulladder_behavioral.vcd" {0 0 0};
    %vpi_call 2 45 "$dumpvars", 32'sb00000000000000000000000000000000, S_0000022f8299ba90 {0 0 0};
    %vpi_call 2 46 "$monitor", "time=%g,sum =%b,carry =%b,a=%b,b=%b,c=%b", $time, v0000022f829d4c00_0, v0000022f829e5a90_0, v0000022f829e5b30_0, v0000022f829e5bd0_0, v0000022f829d4b60_0 {0 0 0};
    %end;
    .thread T_2;
    .scope S_0000022f8299ba90;
T_3 ;
    %delay 10, 0;
    %vpi_call 2 48 "$finish" {0 0 0};
    %end;
    .thread T_3;
# The file index is used to find the file name in the following table.
:file_names 3;
    "N/A";
    "<interactive>";
    "fulladder_behavioral.v";
