#! /c/Source/iverilog-install/bin/vvp
:ivl_version "12.0 (devel)" "(s20150603-1539-g2693dd32b)";
:ivl_delay_selection "TYPICAL";
:vpi_time_precision + 0;
:vpi_module "C:\iverilog\lib\ivl\system.vpi";
:vpi_module "C:\iverilog\lib\ivl\vhdl_sys.vpi";
:vpi_module "C:\iverilog\lib\ivl\vhdl_textio.vpi";
:vpi_module "C:\iverilog\lib\ivl\v2005_math.vpi";
:vpi_module "C:\iverilog\lib\ivl\va_math.vpi";
S_000002287f0e2600 .scope module, "multiplexer_8to1_test" "multiplexer_8to1_test" 2 39;
 .timescale 0 0;
v000002287f140570_0 .var "input1", 7 0;
v000002287f1407f0_0 .net "out", 0 0, v000002287f140ed0_0;  1 drivers
v000002287f141790_0 .var "select", 2 0;
S_000002287f0e4410 .scope module, "mp" "multiplexer_8to1" 2 50, 2 2 0, S_000002287f0e2600;
 .timescale 0 0;
    .port_info 0 /OUTPUT 1 "out";
    .port_info 1 /INPUT 8 "input1";
    .port_info 2 /INPUT 3 "select";
v000002287f140250_0 .net "input1", 7 0, v000002287f140570_0;  1 drivers
v000002287f1416f0_0 .net "interconnections", 5 0, L_000002287f1406b0;  1 drivers
v000002287f141970_0 .net "out", 0 0, v000002287f140ed0_0;  alias, 1 drivers
v000002287f141fb0_0 .net "select", 2 0, v000002287f141790_0;  1 drivers
L_000002287f1404d0 .part v000002287f140570_0, 0, 2;
L_000002287f140d90 .part v000002287f141790_0, 2, 1;
L_000002287f140a70 .part v000002287f140570_0, 2, 2;
L_000002287f141830 .part v000002287f141790_0, 2, 1;
L_000002287f140e30 .part v000002287f140570_0, 4, 2;
L_000002287f140cf0 .part v000002287f141790_0, 2, 1;
L_000002287f140890 .part v000002287f140570_0, 6, 2;
L_000002287f141330 .part v000002287f141790_0, 2, 1;
L_000002287f141470 .part L_000002287f1406b0, 0, 2;
L_000002287f140c50 .part v000002287f141790_0, 1, 1;
LS_000002287f1406b0_0_0 .concat8 [ 1 1 1 1], v000002287f0e0250_0, v000002287f0dff30_0, v000002287f0df7b0_0, v000002287f0dfcb0_0;
LS_000002287f1406b0_0_4 .concat8 [ 1 1 0 0], v000002287f0dfad0_0, v000002287f0dffd0_0;
L_000002287f1406b0 .concat8 [ 4 2 0 0], LS_000002287f1406b0_0_0, LS_000002287f1406b0_0_4;
L_000002287f140610 .part L_000002287f1406b0, 2, 2;
L_000002287f140390 .part v000002287f141790_0, 1, 1;
L_000002287f141c90 .part L_000002287f1406b0, 4, 2;
L_000002287f1413d0 .part v000002287f141790_0, 0, 1;
S_000002287f0e45a0 .scope module, "m2t11" "multiplexer_2to1_ifelse" 2 9, 2 19 0, S_000002287f0e4410;
 .timescale 0 0;
    .port_info 0 /OUTPUT 1 "outmp";
    .port_info 1 /INPUT 2 "input1";
    .port_info 2 /INPUT 1 "select";
v000002287f0e01b0_0 .net "input1", 1 0, L_000002287f1404d0;  1 drivers
v000002287f0e0250_0 .var "outmp", 0 0;
v000002287f0e02f0_0 .net "select", 0 0, L_000002287f140d90;  1 drivers
E_000002287f0dc8d0 .event anyedge, v000002287f0e02f0_0, v000002287f0e01b0_0;
S_000002287eefe8f0 .scope module, "m2t12" "multiplexer_2to1_ifelse" 2 10, 2 19 0, S_000002287f0e4410;
 .timescale 0 0;
    .port_info 0 /OUTPUT 1 "outmp";
    .port_info 1 /INPUT 2 "input1";
    .port_info 2 /INPUT 1 "select";
v000002287f0e0430_0 .net "input1", 1 0, L_000002287f140a70;  1 drivers
v000002287f0dff30_0 .var "outmp", 0 0;
v000002287f0e04d0_0 .net "select", 0 0, L_000002287f141830;  1 drivers
E_000002287f0dc910 .event anyedge, v000002287f0e04d0_0, v000002287f0e0430_0;
S_000002287eefea80 .scope module, "m2t13" "multiplexer_2to1_ifelse" 2 11, 2 19 0, S_000002287f0e4410;
 .timescale 0 0;
    .port_info 0 /OUTPUT 1 "outmp";
    .port_info 1 /INPUT 2 "input1";
    .port_info 2 /INPUT 1 "select";
v000002287f0e0610_0 .net "input1", 1 0, L_000002287f140e30;  1 drivers
v000002287f0df7b0_0 .var "outmp", 0 0;
v000002287f0e0570_0 .net "select", 0 0, L_000002287f140cf0;  1 drivers
E_000002287f0dd6d0 .event anyedge, v000002287f0e0570_0, v000002287f0e0610_0;
S_000002287eefd610 .scope module, "m2t14" "multiplexer_2to1_ifelse" 2 12, 2 19 0, S_000002287f0e4410;
 .timescale 0 0;
    .port_info 0 /OUTPUT 1 "outmp";
    .port_info 1 /INPUT 2 "input1";
    .port_info 2 /INPUT 1 "select";
v000002287f0df990_0 .net "input1", 1 0, L_000002287f140890;  1 drivers
v000002287f0dfcb0_0 .var "outmp", 0 0;
v000002287f0df850_0 .net "select", 0 0, L_000002287f141330;  1 drivers
E_000002287f0dd410 .event anyedge, v000002287f0df850_0, v000002287f0df990_0;
S_000002287eefd7a0 .scope module, "m2t15" "multiplexer_2to1_ifelse" 2 13, 2 19 0, S_000002287f0e4410;
 .timescale 0 0;
    .port_info 0 /OUTPUT 1 "outmp";
    .port_info 1 /INPUT 2 "input1";
    .port_info 2 /INPUT 1 "select";
v000002287f0df8f0_0 .net "input1", 1 0, L_000002287f141470;  1 drivers
v000002287f0dfad0_0 .var "outmp", 0 0;
v000002287f0dfa30_0 .net "select", 0 0, L_000002287f140c50;  1 drivers
E_000002287f0dcc50 .event anyedge, v000002287f0dfa30_0, v000002287f0df8f0_0;
S_000002287f0b2510 .scope module, "m2t16" "multiplexer_2to1_ifelse" 2 14, 2 19 0, S_000002287f0e4410;
 .timescale 0 0;
    .port_info 0 /OUTPUT 1 "outmp";
    .port_info 1 /INPUT 2 "input1";
    .port_info 2 /INPUT 1 "select";
v000002287f0dfb70_0 .net "input1", 1 0, L_000002287f140610;  1 drivers
v000002287f0dffd0_0 .var "outmp", 0 0;
v000002287f140f70_0 .net "select", 0 0, L_000002287f140390;  1 drivers
E_000002287f0dccd0 .event anyedge, v000002287f140f70_0, v000002287f0dfb70_0;
S_000002287f0b26a0 .scope module, "m2t17" "multiplexer_2to1_ifelse" 2 15, 2 19 0, S_000002287f0e4410;
 .timescale 0 0;
    .port_info 0 /OUTPUT 1 "outmp";
    .port_info 1 /INPUT 2 "input1";
    .port_info 2 /INPUT 1 "select";
v000002287f1418d0_0 .net "input1", 1 0, L_000002287f141c90;  1 drivers
v000002287f140ed0_0 .var "outmp", 0 0;
v000002287f1410b0_0 .net "select", 0 0, L_000002287f1413d0;  1 drivers
E_000002287f0dd490 .event anyedge, v000002287f1410b0_0, v000002287f1418d0_0;
    .scope S_000002287f0e45a0;
T_0 ;
    %wait E_000002287f0dc8d0;
    %load/vec4 v000002287f0e02f0_0;
    %cmpi/e 1, 0, 1;
    %jmp/0xz  T_0.0, 4;
    %load/vec4 v000002287f0e01b0_0;
    %parti/s 1, 1, 2;
    %store/vec4 v000002287f0e0250_0, 0, 1;
    %jmp T_0.1;
T_0.0 ;
    %load/vec4 v000002287f0e01b0_0;
    %parti/s 1, 0, 2;
    %store/vec4 v000002287f0e0250_0, 0, 1;
T_0.1 ;
    %jmp T_0;
    .thread T_0, $push;
    .scope S_000002287eefe8f0;
T_1 ;
    %wait E_000002287f0dc910;
    %load/vec4 v000002287f0e04d0_0;
    %cmpi/e 1, 0, 1;
    %jmp/0xz  T_1.0, 4;
    %load/vec4 v000002287f0e0430_0;
    %parti/s 1, 1, 2;
    %store/vec4 v000002287f0dff30_0, 0, 1;
    %jmp T_1.1;
T_1.0 ;
    %load/vec4 v000002287f0e0430_0;
    %parti/s 1, 0, 2;
    %store/vec4 v000002287f0dff30_0, 0, 1;
T_1.1 ;
    %jmp T_1;
    .thread T_1, $push;
    .scope S_000002287eefea80;
T_2 ;
    %wait E_000002287f0dd6d0;
    %load/vec4 v000002287f0e0570_0;
    %cmpi/e 1, 0, 1;
    %jmp/0xz  T_2.0, 4;
    %load/vec4 v000002287f0e0610_0;
    %parti/s 1, 1, 2;
    %store/vec4 v000002287f0df7b0_0, 0, 1;
    %jmp T_2.1;
T_2.0 ;
    %load/vec4 v000002287f0e0610_0;
    %parti/s 1, 0, 2;
    %store/vec4 v000002287f0df7b0_0, 0, 1;
T_2.1 ;
    %jmp T_2;
    .thread T_2, $push;
    .scope S_000002287eefd610;
T_3 ;
    %wait E_000002287f0dd410;
    %load/vec4 v000002287f0df850_0;
    %cmpi/e 1, 0, 1;
    %jmp/0xz  T_3.0, 4;
    %load/vec4 v000002287f0df990_0;
    %parti/s 1, 1, 2;
    %store/vec4 v000002287f0dfcb0_0, 0, 1;
    %jmp T_3.1;
T_3.0 ;
    %load/vec4 v000002287f0df990_0;
    %parti/s 1, 0, 2;
    %store/vec4 v000002287f0dfcb0_0, 0, 1;
T_3.1 ;
    %jmp T_3;
    .thread T_3, $push;
    .scope S_000002287eefd7a0;
T_4 ;
    %wait E_000002287f0dcc50;
    %load/vec4 v000002287f0dfa30_0;
    %cmpi/e 1, 0, 1;
    %jmp/0xz  T_4.0, 4;
    %load/vec4 v000002287f0df8f0_0;
    %parti/s 1, 1, 2;
    %store/vec4 v000002287f0dfad0_0, 0, 1;
    %jmp T_4.1;
T_4.0 ;
    %load/vec4 v000002287f0df8f0_0;
    %parti/s 1, 0, 2;
    %store/vec4 v000002287f0dfad0_0, 0, 1;
T_4.1 ;
    %jmp T_4;
    .thread T_4, $push;
    .scope S_000002287f0b2510;
T_5 ;
    %wait E_000002287f0dccd0;
    %load/vec4 v000002287f140f70_0;
    %cmpi/e 1, 0, 1;
    %jmp/0xz  T_5.0, 4;
    %load/vec4 v000002287f0dfb70_0;
    %parti/s 1, 1, 2;
    %store/vec4 v000002287f0dffd0_0, 0, 1;
    %jmp T_5.1;
T_5.0 ;
    %load/vec4 v000002287f0dfb70_0;
    %parti/s 1, 0, 2;
    %store/vec4 v000002287f0dffd0_0, 0, 1;
T_5.1 ;
    %jmp T_5;
    .thread T_5, $push;
    .scope S_000002287f0b26a0;
T_6 ;
    %wait E_000002287f0dd490;
    %load/vec4 v000002287f1410b0_0;
    %cmpi/e 1, 0, 1;
    %jmp/0xz  T_6.0, 4;
    %load/vec4 v000002287f1418d0_0;
    %parti/s 1, 1, 2;
    %store/vec4 v000002287f140ed0_0, 0, 1;
    %jmp T_6.1;
T_6.0 ;
    %load/vec4 v000002287f1418d0_0;
    %parti/s 1, 0, 2;
    %store/vec4 v000002287f140ed0_0, 0, 1;
T_6.1 ;
    %jmp T_6;
    .thread T_6, $push;
    .scope S_000002287f0e2600;
T_7 ;
    %pushi/vec4 182, 0, 8;
    %store/vec4 v000002287f140570_0, 0, 8;
    %pushi/vec4 0, 0, 3;
    %store/vec4 v000002287f141790_0, 0, 3;
    %delay 2, 0;
    %pushi/vec4 1, 0, 3;
    %store/vec4 v000002287f141790_0, 0, 3;
    %delay 2, 0;
    %pushi/vec4 2, 0, 3;
    %store/vec4 v000002287f141790_0, 0, 3;
    %delay 2, 0;
    %pushi/vec4 3, 0, 3;
    %store/vec4 v000002287f141790_0, 0, 3;
    %delay 2, 0;
    %pushi/vec4 4, 0, 3;
    %store/vec4 v000002287f141790_0, 0, 3;
    %delay 2, 0;
    %pushi/vec4 5, 0, 3;
    %store/vec4 v000002287f141790_0, 0, 3;
    %delay 2, 0;
    %pushi/vec4 6, 0, 3;
    %store/vec4 v000002287f141790_0, 0, 3;
    %delay 2, 0;
    %pushi/vec4 7, 0, 3;
    %store/vec4 v000002287f141790_0, 0, 3;
    %end;
    .thread T_7;
    .scope S_000002287f0e2600;
T_8 ;
    %vpi_call 2 68 "$dumpfile", "multiplexer_8to1.vcd" {0 0 0};
    %vpi_call 2 69 "$dumpvars", 32'sb00000000000000000000000000000000, S_000002287f0e2600 {0 0 0};
    %vpi_call 2 70 "$monitor", "time=%g,out =%b,output=%b,select=%b", $time, v000002287f1407f0_0, v000002287f140570_0, v000002287f141790_0 {0 0 0};
    %end;
    .thread T_8;
    .scope S_000002287f0e2600;
T_9 ;
    %delay 30, 0;
    %vpi_call 2 72 "$finish" {0 0 0};
    %end;
    .thread T_9;
# The file index is used to find the file name in the following table.
:file_names 3;
    "N/A";
    "<interactive>";
    "multiplexer_8to1.v";
