#! /c/Source/iverilog-install/bin/vvp
:ivl_version "12.0 (devel)" "(s20150603-1539-g2693dd32b)";
:ivl_delay_selection "TYPICAL";
:vpi_time_precision + 0;
:vpi_module "C:\iverilog\lib\ivl\system.vpi";
:vpi_module "C:\iverilog\lib\ivl\vhdl_sys.vpi";
:vpi_module "C:\iverilog\lib\ivl\vhdl_textio.vpi";
:vpi_module "C:\iverilog\lib\ivl\v2005_math.vpi";
:vpi_module "C:\iverilog\lib\ivl\va_math.vpi";
S_000001b8e4095840 .scope module, "fullsubtractor_test" "fullsubtractor_test" 2 14;
 .timescale 0 0;
v000001b8e3deb320_0 .net "Borr", 0 0, v000001b8e4062be0_0;  1 drivers
v000001b8e3deb7b0_0 .net "Diff", 0 0, v000001b8e4062910_0;  1 drivers
v000001b8e3deb850_0 .var "InBorr", 0 0;
v000001b8e3deb8f0_0 .var "input1", 0 0;
v000001b8e3deb990_0 .var "input2", 0 0;
S_000001b8e40959d0 .scope module, "ha" "fullsubtractor_behavioral" 2 26, 2 1 0, S_000001b8e4095840;
 .timescale 0 0;
    .port_info 0 /OUTPUT 1 "Diff";
    .port_info 1 /OUTPUT 1 "Borr";
    .port_info 2 /INPUT 1 "input1";
    .port_info 3 /INPUT 1 "input2";
    .port_info 4 /INPUT 1 "InBorr";
v000001b8e4062be0_0 .var "Borr", 0 0;
v000001b8e4062910_0 .var "Diff", 0 0;
v000001b8e4095b60_0 .net "InBorr", 0 0, v000001b8e3deb850_0;  1 drivers
v000001b8e4095c00_0 .net "input1", 0 0, v000001b8e3deb8f0_0;  1 drivers
v000001b8e3deb280_0 .net "input2", 0 0, v000001b8e3deb990_0;  1 drivers
E_000001b8e3de8e60 .event anyedge, v000001b8e4095c00_0, v000001b8e3deb280_0, v000001b8e4095b60_0;
    .scope S_000001b8e40959d0;
T_0 ;
    %wait E_000001b8e3de8e60;
    %load/vec4 v000001b8e4095c00_0;
    %load/vec4 v000001b8e3deb280_0;
    %xor;
    %load/vec4 v000001b8e4095b60_0;
    %xor;
    %store/vec4 v000001b8e4062910_0, 0, 1;
    %load/vec4 v000001b8e4095c00_0;
    %inv;
    %load/vec4 v000001b8e3deb280_0;
    %and;
    %load/vec4 v000001b8e4095c00_0;
    %load/vec4 v000001b8e3deb280_0;
    %xor;
    %inv;
    %load/vec4 v000001b8e4095b60_0;
    %and;
    %or;
    %store/vec4 v000001b8e4062be0_0, 0, 1;
    %jmp T_0;
    .thread T_0, $push;
    .scope S_000001b8e4095840;
T_1 ;
    %pushi/vec4 0, 0, 3;
    %split/vec4 1;
    %store/vec4 v000001b8e3deb850_0, 0, 1;
    %split/vec4 1;
    %store/vec4 v000001b8e3deb990_0, 0, 1;
    %store/vec4 v000001b8e3deb8f0_0, 0, 1;
    %end;
    .thread T_1;
    .scope S_000001b8e4095840;
T_2 ;
    %delay 4, 0;
    %load/vec4 v000001b8e3deb8f0_0;
    %addi 1, 0, 1;
    %store/vec4 v000001b8e3deb8f0_0, 0, 1;
    %jmp T_2;
    .thread T_2;
    .scope S_000001b8e4095840;
T_3 ;
    %delay 2, 0;
    %load/vec4 v000001b8e3deb990_0;
    %addi 1, 0, 1;
    %store/vec4 v000001b8e3deb990_0, 0, 1;
    %jmp T_3;
    .thread T_3;
    .scope S_000001b8e4095840;
T_4 ;
    %delay 1, 0;
    %load/vec4 v000001b8e3deb850_0;
    %addi 1, 0, 1;
    %store/vec4 v000001b8e3deb850_0, 0, 1;
    %jmp T_4;
    .thread T_4;
    .scope S_000001b8e4095840;
T_5 ;
    %vpi_call 2 38 "$dumpfile", "fullsubtractor_behavioral.vcd" {0 0 0};
    %vpi_call 2 39 "$dumpvars", 32'sb00000000000000000000000000000000, S_000001b8e4095840 {0 0 0};
    %vpi_call 2 40 "$monitor", "time=%g,Diff =%b,Borr =%b, input1=%b, input2=%b, InBorra=%b", $time, v000001b8e3deb7b0_0, v000001b8e3deb320_0, v000001b8e3deb8f0_0, v000001b8e3deb990_0, v000001b8e3deb850_0 {0 0 0};
    %end;
    .thread T_5;
    .scope S_000001b8e4095840;
T_6 ;
    %delay 20, 0;
    %vpi_call 2 43 "$finish" {0 0 0};
    %end;
    .thread T_6;
# The file index is used to find the file name in the following table.
:file_names 3;
    "N/A";
    "<interactive>";
    "fullsubtractor_behavioral.v";
