#! /c/Source/iverilog-install/bin/vvp
:ivl_version "12.0 (devel)" "(s20150603-1539-g2693dd32b)";
:ivl_delay_selection "TYPICAL";
:vpi_time_precision + 0;
:vpi_module "C:\iverilog\lib\ivl\system.vpi";
:vpi_module "C:\iverilog\lib\ivl\vhdl_sys.vpi";
:vpi_module "C:\iverilog\lib\ivl\vhdl_textio.vpi";
:vpi_module "C:\iverilog\lib\ivl\v2005_math.vpi";
:vpi_module "C:\iverilog\lib\ivl\va_math.vpi";
S_000001eaba14a250 .scope module, "fulladder_test" "fulladder_test" 2 13;
 .timescale 0 0;
o000001eaba2c7188 .functor BUFZ 1, C4<z>; HiZ drive
v000001eaba2c54e0_0 .net "Borr", 0 0, o000001eaba2c7188;  0 drivers
o000001eaba2c71b8 .functor BUFZ 1, C4<z>; HiZ drive
v000001eaba2c5580_0 .net "Diff", 0 0, o000001eaba2c71b8;  0 drivers
v000001eaba2c5620_0 .net "carry", 0 0, L_000001eaba309c80;  1 drivers
v000001eaba2c56c0_0 .var "input1", 0 0;
v000001eaba2c44d0_0 .var "input2", 0 0;
v000001eaba2c4570_0 .net "sum", 0 0, L_000001eaba2c5760;  1 drivers
S_000001eaba2c5350 .scope module, "ha" "halfsubtractor_dataflow" 2 24, 2 1 0, S_000001eaba14a250;
 .timescale 0 0;
    .port_info 0 /OUTPUT 1 "Diff";
    .port_info 1 /OUTPUT 1 "Borr";
    .port_info 2 /INPUT 1 "input1";
    .port_info 3 /INPUT 1 "input2";
L_000001eaba2c5760 .functor XOR 1, v000001eaba2c56c0_0, v000001eaba2c44d0_0, C4<0>, C4<0>;
L_000001eaba148380 .functor NOT 1, v000001eaba2c56c0_0, C4<0>, C4<0>, C4<0>;
L_000001eaba309c80 .functor AND 1, L_000001eaba148380, v000001eaba2c44d0_0, C4<1>, C4<1>;
v000001eaba14a3e0_0 .net "Borr", 0 0, L_000001eaba309c80;  alias, 1 drivers
v000001eaba148a50_0 .net "Diff", 0 0, L_000001eaba2c5760;  alias, 1 drivers
v000001eaba1482e0_0 .net *"_ivl_2", 0 0, L_000001eaba148380;  1 drivers
v000001eaba14bc20_0 .net "input1", 0 0, v000001eaba2c56c0_0;  1 drivers
v000001eaba14bcc0_0 .net "input2", 0 0, v000001eaba2c44d0_0;  1 drivers
    .scope S_000001eaba14a250;
T_0 ;
    %pushi/vec4 0, 0, 2;
    %split/vec4 1;
    %store/vec4 v000001eaba2c44d0_0, 0, 1;
    %store/vec4 v000001eaba2c56c0_0, 0, 1;
    %delay 2, 0;
    %pushi/vec4 0, 0, 1;
    %store/vec4 v000001eaba2c56c0_0, 0, 1;
    %pushi/vec4 1, 0, 1;
    %store/vec4 v000001eaba2c44d0_0, 0, 1;
    %delay 2, 0;
    %pushi/vec4 1, 0, 1;
    %store/vec4 v000001eaba2c56c0_0, 0, 1;
    %pushi/vec4 0, 0, 1;
    %store/vec4 v000001eaba2c44d0_0, 0, 1;
    %delay 2, 0;
    %pushi/vec4 1, 0, 2;
    %split/vec4 1;
    %store/vec4 v000001eaba2c44d0_0, 0, 1;
    %store/vec4 v000001eaba2c56c0_0, 0, 1;
    %end;
    .thread T_0;
    .scope S_000001eaba14a250;
T_1 ;
    %vpi_call 2 36 "$dumpfile", "halfsubtractor_dataflow.vcd" {0 0 0};
    %vpi_call 2 37 "$dumpvars", 32'sb00000000000000000000000000000000, S_000001eaba14a250 {0 0 0};
    %vpi_call 2 38 "$monitor", "time=%g, Diff=%b, Borr=%b, input1=%b, input1=%b", $time, v000001eaba2c5580_0, v000001eaba2c54e0_0, v000001eaba2c56c0_0, v000001eaba2c44d0_0 {0 0 0};
    %end;
    .thread T_1;
    .scope S_000001eaba14a250;
T_2 ;
    %delay 10, 0;
    %vpi_call 2 40 "$finish" {0 0 0};
    %end;
    .thread T_2;
# The file index is used to find the file name in the following table.
:file_names 3;
    "N/A";
    "<interactive>";
    "halfsubtractor_dataflow.v";
