#! /c/Source/iverilog-install/bin/vvp
:ivl_version "12.0 (devel)" "(s20150603-1539-g2693dd32b)";
:ivl_delay_selection "TYPICAL";
:vpi_time_precision + 0;
:vpi_module "C:\iverilog\lib\ivl\system.vpi";
:vpi_module "C:\iverilog\lib\ivl\vhdl_sys.vpi";
:vpi_module "C:\iverilog\lib\ivl\vhdl_textio.vpi";
:vpi_module "C:\iverilog\lib\ivl\v2005_math.vpi";
:vpi_module "C:\iverilog\lib\ivl\va_math.vpi";
S_0000021a8f1cb9e0 .scope module, "fulladder_test" "fulladder_test" 2 13;
 .timescale 0 0;
o0000021a8f0d7158 .functor BUFZ 1, C4<z>; HiZ drive
v0000021a8f0a2650_0 .net "Borr", 0 0, o0000021a8f0d7158;  0 drivers
o0000021a8f0d7188 .functor BUFZ 1, C4<z>; HiZ drive
v0000021a8f0a26f0_0 .net "Diff", 0 0, o0000021a8f0d7188;  0 drivers
v0000021a8f0a2790_0 .net "carry", 0 0, L_0000021a8f0d3910;  1 drivers
v0000021a8f0a2830_0 .var "input1", 0 0;
v0000021a8f0a28d0_0 .var "input2", 0 0;
v0000021a8f0d36d0_0 .net "sum", 0 0, L_0000021a8f0d5d90;  1 drivers
S_0000021a8f1cbb70 .scope module, "ha" "halfsubtractor_structural" 2 24, 2 1 0, S_0000021a8f1cb9e0;
 .timescale 0 0;
    .port_info 0 /OUTPUT 1 "Diff";
    .port_info 1 /OUTPUT 1 "Borr";
    .port_info 2 /INPUT 1 "input1";
    .port_info 3 /INPUT 1 "input2";
L_0000021a8f0d5d90 .functor XOR 1, v0000021a8f0a2830_0, v0000021a8f0a28d0_0, C4<0>, C4<0>;
L_0000021a8f0a3050 .functor NOT 1, v0000021a8f0a2830_0, C4<0>, C4<0>, C4<0>;
L_0000021a8f0d3910 .functor AND 1, L_0000021a8f0a3050, v0000021a8f0a28d0_0, C4<1>, C4<1>;
v0000021a8f1cbd00_0 .net "Borr", 0 0, L_0000021a8f0d3910;  alias, 1 drivers
v0000021a8f1ca0a0_0 .net "Diff", 0 0, L_0000021a8f0d5d90;  alias, 1 drivers
v0000021a8f1ca140_0 .net "Ninput1", 0 0, L_0000021a8f0a3050;  1 drivers
v0000021a8f0a2510_0 .net "input1", 0 0, v0000021a8f0a2830_0;  1 drivers
v0000021a8f0a25b0_0 .net "input2", 0 0, v0000021a8f0a28d0_0;  1 drivers
    .scope S_0000021a8f1cb9e0;
T_0 ;
    %pushi/vec4 0, 0, 2;
    %split/vec4 1;
    %store/vec4 v0000021a8f0a28d0_0, 0, 1;
    %store/vec4 v0000021a8f0a2830_0, 0, 1;
    %delay 2, 0;
    %pushi/vec4 0, 0, 1;
    %store/vec4 v0000021a8f0a2830_0, 0, 1;
    %pushi/vec4 1, 0, 1;
    %store/vec4 v0000021a8f0a28d0_0, 0, 1;
    %delay 2, 0;
    %pushi/vec4 1, 0, 1;
    %store/vec4 v0000021a8f0a2830_0, 0, 1;
    %pushi/vec4 0, 0, 1;
    %store/vec4 v0000021a8f0a28d0_0, 0, 1;
    %delay 2, 0;
    %pushi/vec4 1, 0, 2;
    %split/vec4 1;
    %store/vec4 v0000021a8f0a28d0_0, 0, 1;
    %store/vec4 v0000021a8f0a2830_0, 0, 1;
    %end;
    .thread T_0;
    .scope S_0000021a8f1cb9e0;
T_1 ;
    %vpi_call 2 36 "$dumpfile", "halfsubtractor_structural.vcd" {0 0 0};
    %vpi_call 2 37 "$dumpvars", 32'sb00000000000000000000000000000000, S_0000021a8f1cb9e0 {0 0 0};
    %vpi_call 2 38 "$monitor", "time=%g, Diff=%b, Borr=%b, input1=%b, input1=%b", $time, v0000021a8f0a26f0_0, v0000021a8f0a2650_0, v0000021a8f0a2830_0, v0000021a8f0a28d0_0 {0 0 0};
    %end;
    .thread T_1;
    .scope S_0000021a8f1cb9e0;
T_2 ;
    %delay 10, 0;
    %vpi_call 2 40 "$finish" {0 0 0};
    %end;
    .thread T_2;
# The file index is used to find the file name in the following table.
:file_names 3;
    "N/A";
    "<interactive>";
    "halfsubtractor_structural.v";
