#! /c/Source/iverilog-install/bin/vvp
:ivl_version "12.0 (devel)" "(s20150603-1539-g2693dd32b)";
:ivl_delay_selection "TYPICAL";
:vpi_time_precision + 0;
:vpi_module "C:\iverilog\lib\ivl\system.vpi";
:vpi_module "C:\iverilog\lib\ivl\vhdl_sys.vpi";
:vpi_module "C:\iverilog\lib\ivl\vhdl_textio.vpi";
:vpi_module "C:\iverilog\lib\ivl\v2005_math.vpi";
:vpi_module "C:\iverilog\lib\ivl\va_math.vpi";
S_000001af9c179a60 .scope module, "halfadder_test" "halfadder_test" 2 12;
 .timescale 0 0;
v000001af9c17bc50_0 .var "a", 0 0;
v000001af9c17bcf0_0 .var "b", 0 0;
v000001af9c055550_0 .net "carry", 0 0, L_000001af9c022db0;  1 drivers
v000001af9c0555f0_0 .net "sum", 0 0, L_000001af9c055690;  1 drivers
S_000001af9c055280 .scope module, "ha" "halfadder" 2 23, 2 1 0, S_000001af9c179a60;
 .timescale 0 0;
    .port_info 0 /OUTPUT 1 "sum";
    .port_info 1 /OUTPUT 1 "carry";
    .port_info 2 /INPUT 1 "a";
    .port_info 3 /INPUT 1 "b";
L_000001af9c055690 .functor XOR 1, v000001af9c17bc50_0, v000001af9c17bcf0_0, C4<0>, C4<0>;
L_000001af9c022db0 .functor AND 1, v000001af9c17bc50_0, v000001af9c17bcf0_0, C4<1>, C4<1>;
v000001af9c179bf0_0 .net "a", 0 0, v000001af9c17bc50_0;  1 drivers
v000001af9c022910_0 .net "b", 0 0, v000001af9c17bcf0_0;  1 drivers
v000001af9c055410_0 .net "carry", 0 0, L_000001af9c022db0;  alias, 1 drivers
v000001af9c0554b0_0 .net "sum", 0 0, L_000001af9c055690;  alias, 1 drivers
    .scope S_000001af9c179a60;
T_0 ;
    %pushi/vec4 0, 0, 1;
    %store/vec4 v000001af9c17bc50_0, 0, 1;
    %pushi/vec4 0, 0, 1;
    %store/vec4 v000001af9c17bcf0_0, 0, 1;
    %delay 2, 0;
    %pushi/vec4 0, 0, 1;
    %store/vec4 v000001af9c17bc50_0, 0, 1;
    %pushi/vec4 1, 0, 1;
    %store/vec4 v000001af9c17bcf0_0, 0, 1;
    %delay 2, 0;
    %pushi/vec4 1, 0, 1;
    %store/vec4 v000001af9c17bc50_0, 0, 1;
    %pushi/vec4 0, 0, 1;
    %store/vec4 v000001af9c17bcf0_0, 0, 1;
    %delay 2, 0;
    %pushi/vec4 1, 0, 1;
    %store/vec4 v000001af9c17bc50_0, 0, 1;
    %pushi/vec4 1, 0, 1;
    %store/vec4 v000001af9c17bcf0_0, 0, 1;
    %end;
    .thread T_0;
    .scope S_000001af9c179a60;
T_1 ;
    %vpi_call 2 34 "$dumpfile", "a.vcd" {0 0 0};
    %vpi_call 2 35 "$dumpvars", 32'sb00000000000000000000000000000000, S_000001af9c179a60 {0 0 0};
    %vpi_call 2 36 "$monitor", "time=%g,s=%b,c=%b,a=%b,b=%b", $time, v000001af9c0555f0_0, v000001af9c055550_0, v000001af9c17bc50_0, v000001af9c17bcf0_0 {0 0 0};
    %end;
    .thread T_1;
    .scope S_000001af9c179a60;
T_2 ;
    %delay 10, 0;
    %vpi_call 2 38 "$finish" {0 0 0};
    %end;
    .thread T_2;
# The file index is used to find the file name in the following table.
:file_names 3;
    "N/A";
    "<interactive>";
    "ha.v";
