#! /c/Source/iverilog-install/bin/vvp
:ivl_version "12.0 (devel)" "(s20150603-1539-g2693dd32b)";
:ivl_delay_selection "TYPICAL";
:vpi_time_precision + 0;
:vpi_module "C:\iverilog\lib\ivl\system.vpi";
:vpi_module "C:\iverilog\lib\ivl\vhdl_sys.vpi";
:vpi_module "C:\iverilog\lib\ivl\vhdl_textio.vpi";
:vpi_module "C:\iverilog\lib\ivl\v2005_math.vpi";
:vpi_module "C:\iverilog\lib\ivl\va_math.vpi";
S_0000028fbe06baa0 .scope module, "fulladder_test" "fulladder_test" 2 15;
 .timescale 0 0;
o0000028fbe0b7158 .functor BUFZ 1, C4<z>; HiZ drive
v0000028fbe0698e0_0 .net "Borr", 0 0, o0000028fbe0b7158;  0 drivers
o0000028fbe0b7188 .functor BUFZ 1, C4<z>; HiZ drive
v0000028fbe0b44a0_0 .net "Diff", 0 0, o0000028fbe0b7188;  0 drivers
v0000028fbe0b4540_0 .net "carry", 0 0, v0000028fbe069660_0;  1 drivers
v0000028fbe0b45e0_0 .var "input1", 0 0;
v0000028fbe0b4680_0 .var "input2", 0 0;
v0000028fbe0b4720_0 .net "sum", 0 0, v0000028fbe069700_0;  1 drivers
S_0000028fbe06bc30 .scope module, "ha" "halfsubtractor_behavioral" 2 26, 2 1 0, S_0000028fbe06baa0;
 .timescale 0 0;
    .port_info 0 /OUTPUT 1 "Diff";
    .port_info 1 /OUTPUT 1 "Borr";
    .port_info 2 /INPUT 1 "input1";
    .port_info 3 /INPUT 1 "input2";
v0000028fbe069660_0 .var "Borr", 0 0;
v0000028fbe069700_0 .var "Diff", 0 0;
v0000028fbe0697a0_0 .net "input1", 0 0, v0000028fbe0b45e0_0;  1 drivers
v0000028fbe069840_0 .net "input2", 0 0, v0000028fbe0b4680_0;  1 drivers
E_0000028fbe06c0d0 .event anyedge, v0000028fbe0697a0_0, v0000028fbe069840_0;
    .scope S_0000028fbe06bc30;
T_0 ;
    %wait E_0000028fbe06c0d0;
    %load/vec4 v0000028fbe0697a0_0;
    %load/vec4 v0000028fbe069840_0;
    %xor;
    %store/vec4 v0000028fbe069700_0, 0, 1;
    %load/vec4 v0000028fbe0697a0_0;
    %inv;
    %load/vec4 v0000028fbe069840_0;
    %and;
    %store/vec4 v0000028fbe069660_0, 0, 1;
    %jmp T_0;
    .thread T_0, $push;
    .scope S_0000028fbe06baa0;
T_1 ;
    %pushi/vec4 0, 0, 2;
    %split/vec4 1;
    %store/vec4 v0000028fbe0b4680_0, 0, 1;
    %store/vec4 v0000028fbe0b45e0_0, 0, 1;
    %delay 2, 0;
    %pushi/vec4 0, 0, 1;
    %store/vec4 v0000028fbe0b45e0_0, 0, 1;
    %pushi/vec4 1, 0, 1;
    %store/vec4 v0000028fbe0b4680_0, 0, 1;
    %delay 2, 0;
    %pushi/vec4 1, 0, 1;
    %store/vec4 v0000028fbe0b45e0_0, 0, 1;
    %pushi/vec4 0, 0, 1;
    %store/vec4 v0000028fbe0b4680_0, 0, 1;
    %delay 2, 0;
    %pushi/vec4 1, 0, 2;
    %split/vec4 1;
    %store/vec4 v0000028fbe0b4680_0, 0, 1;
    %store/vec4 v0000028fbe0b45e0_0, 0, 1;
    %end;
    .thread T_1;
    .scope S_0000028fbe06baa0;
T_2 ;
    %vpi_call 2 38 "$dumpfile", "halfsubtractor_behavioral.vcd" {0 0 0};
    %vpi_call 2 39 "$dumpvars", 32'sb00000000000000000000000000000000, S_0000028fbe06baa0 {0 0 0};
    %vpi_call 2 40 "$monitor", "time=%g, Diff=%b, Borr=%b, input1=%b, input1=%b", $time, v0000028fbe0b44a0_0, v0000028fbe0698e0_0, v0000028fbe0b45e0_0, v0000028fbe0b4680_0 {0 0 0};
    %end;
    .thread T_2;
    .scope S_0000028fbe06baa0;
T_3 ;
    %delay 10, 0;
    %vpi_call 2 42 "$finish" {0 0 0};
    %end;
    .thread T_3;
# The file index is used to find the file name in the following table.
:file_names 3;
    "N/A";
    "<interactive>";
    "halfsubtractor_behavioral.v";
