#! /c/Source/iverilog-install/bin/vvp
:ivl_version "12.0 (devel)" "(s20150603-1539-g2693dd32b)";
:ivl_delay_selection "TYPICAL";
:vpi_time_precision - 12;
:vpi_module "C:\iverilog\lib\ivl\system.vpi";
:vpi_module "C:\iverilog\lib\ivl\vhdl_sys.vpi";
:vpi_module "C:\iverilog\lib\ivl\vhdl_textio.vpi";
:vpi_module "C:\iverilog\lib\ivl\v2005_math.vpi";
:vpi_module "C:\iverilog\lib\ivl\va_math.vpi";
S_000002a0b76abad0 .scope module, "encoder_8to3_test" "encoder_8to3_test" 2 26;
 .timescale -9 -12;
v000002a0b75363d0_0 .var "input1", 7 0;
v000002a0b7536470_0 .net "out", 2 0, v000002a0b7536330_0;  1 drivers
S_000002a0b76abc60 .scope module, "enc" "encoder_8to3" 2 35, 2 3 0, S_000002a0b76abad0;
 .timescale -9 -12;
    .port_info 0 /OUTPUT 3 "out";
    .port_info 1 /INPUT 8 "input1";
v000002a0b76a9f90_0 .net "input1", 7 0, v000002a0b75363d0_0;  1 drivers
v000002a0b7536330_0 .var "out", 2 0;
E_000002a0b76a8c10 .event anyedge, v000002a0b76a9f90_0;
    .scope S_000002a0b76abc60;
T_0 ;
    %wait E_000002a0b76a8c10;
    %load/vec4 v000002a0b76a9f90_0;
    %dup/vec4;
    %pushi/vec4 1, 0, 8;
    %cmp/u;
    %jmp/1 T_0.0, 6;
    %dup/vec4;
    %pushi/vec4 2, 0, 8;
    %cmp/u;
    %jmp/1 T_0.1, 6;
    %dup/vec4;
    %pushi/vec4 4, 0, 8;
    %cmp/u;
    %jmp/1 T_0.2, 6;
    %dup/vec4;
    %pushi/vec4 8, 0, 8;
    %cmp/u;
    %jmp/1 T_0.3, 6;
    %dup/vec4;
    %pushi/vec4 16, 0, 8;
    %cmp/u;
    %jmp/1 T_0.4, 6;
    %dup/vec4;
    %pushi/vec4 32, 0, 8;
    %cmp/u;
    %jmp/1 T_0.5, 6;
    %dup/vec4;
    %pushi/vec4 64, 0, 8;
    %cmp/u;
    %jmp/1 T_0.6, 6;
    %dup/vec4;
    %pushi/vec4 128, 0, 8;
    %cmp/u;
    %jmp/1 T_0.7, 6;
    %pushi/vec4 7, 7, 3;
    %store/vec4 v000002a0b7536330_0, 0, 3;
    %jmp T_0.9;
T_0.0 ;
    %pushi/vec4 0, 0, 3;
    %store/vec4 v000002a0b7536330_0, 0, 3;
    %jmp T_0.9;
T_0.1 ;
    %pushi/vec4 1, 0, 3;
    %store/vec4 v000002a0b7536330_0, 0, 3;
    %jmp T_0.9;
T_0.2 ;
    %pushi/vec4 2, 0, 3;
    %store/vec4 v000002a0b7536330_0, 0, 3;
    %jmp T_0.9;
T_0.3 ;
    %pushi/vec4 3, 0, 3;
    %store/vec4 v000002a0b7536330_0, 0, 3;
    %jmp T_0.9;
T_0.4 ;
    %pushi/vec4 4, 0, 3;
    %store/vec4 v000002a0b7536330_0, 0, 3;
    %jmp T_0.9;
T_0.5 ;
    %pushi/vec4 5, 0, 3;
    %store/vec4 v000002a0b7536330_0, 0, 3;
    %jmp T_0.9;
T_0.6 ;
    %pushi/vec4 6, 0, 3;
    %store/vec4 v000002a0b7536330_0, 0, 3;
    %jmp T_0.9;
T_0.7 ;
    %pushi/vec4 7, 0, 3;
    %store/vec4 v000002a0b7536330_0, 0, 3;
    %jmp T_0.9;
T_0.9 ;
    %pop/vec4 1;
    %jmp T_0;
    .thread T_0, $push;
    .scope S_000002a0b76abad0;
T_1 ;
    %pushi/vec4 0, 0, 8;
    %store/vec4 v000002a0b75363d0_0, 0, 8;
    %delay 1000, 0;
    %pushi/vec4 1, 0, 8;
    %store/vec4 v000002a0b75363d0_0, 0, 8;
    %delay 1000, 0;
    %pushi/vec4 2, 0, 8;
    %store/vec4 v000002a0b75363d0_0, 0, 8;
    %delay 1000, 0;
    %pushi/vec4 4, 0, 8;
    %store/vec4 v000002a0b75363d0_0, 0, 8;
    %delay 1000, 0;
    %pushi/vec4 8, 0, 8;
    %store/vec4 v000002a0b75363d0_0, 0, 8;
    %delay 1000, 0;
    %pushi/vec4 16, 0, 8;
    %store/vec4 v000002a0b75363d0_0, 0, 8;
    %delay 1000, 0;
    %pushi/vec4 32, 0, 8;
    %store/vec4 v000002a0b75363d0_0, 0, 8;
    %delay 1000, 0;
    %pushi/vec4 64, 0, 8;
    %store/vec4 v000002a0b75363d0_0, 0, 8;
    %delay 1000, 0;
    %pushi/vec4 128, 0, 8;
    %store/vec4 v000002a0b75363d0_0, 0, 8;
    %end;
    .thread T_1;
    .scope S_000002a0b76abad0;
T_2 ;
    %vpi_call 2 54 "$dumpfile", "encoder_8to3.vcd" {0 0 0};
    %vpi_call 2 55 "$dumpvars", 32'sb00000000000000000000000000000000, S_000002a0b76abad0 {0 0 0};
    %vpi_call 2 56 "$monitor", "time = %g, out = %b, input1 = %b", $time, v000002a0b7536470_0, v000002a0b75363d0_0 {0 0 0};
    %end;
    .thread T_2;
    .scope S_000002a0b76abad0;
T_3 ;
    %delay 32000, 0;
    %vpi_call 2 58 "$finish" {0 0 0};
    %end;
    .thread T_3;
# The file index is used to find the file name in the following table.
:file_names 3;
    "N/A";
    "<interactive>";
    "encoder_8to3.v";
