#! /c/Source/iverilog-install/bin/vvp
:ivl_version "12.0 (devel)" "(s20150603-1539-g2693dd32b)";
:ivl_delay_selection "TYPICAL";
:vpi_time_precision + 0;
:vpi_module "C:\iverilog\lib\ivl\system.vpi";
:vpi_module "C:\iverilog\lib\ivl\vhdl_sys.vpi";
:vpi_module "C:\iverilog\lib\ivl\vhdl_textio.vpi";
:vpi_module "C:\iverilog\lib\ivl\v2005_math.vpi";
:vpi_module "C:\iverilog\lib\ivl\va_math.vpi";
S_000001e719cd97a0 .scope module, "demultiplexer_1to2_test" "demultiplexer_1to2_test" 2 14;
 .timescale 0 0;
v000001e719cd9cd0_0 .var "input1", 0 0;
v000001e719cd9d70_0 .net "out", 1 0, L_000001e719cd9eb0;  1 drivers
v000001e719cd9e10_0 .var "select", 0 0;
S_000001e719d25480 .scope module, "mp" "demultiplexer_1to2" 2 24, 2 1 0, S_000001e719cd97a0;
 .timescale 0 0;
    .port_info 0 /OUTPUT 2 "out";
    .port_info 1 /INPUT 1 "input1";
    .port_info 2 /INPUT 1 "select";
L_000001e719d25890 .functor NOT 1, v000001e719cd9e10_0, C4<0>, C4<0>, C4<0>;
L_000001e719cf2e40 .functor AND 1, L_000001e719d25890, v000001e719cd9cd0_0, C4<1>, C4<1>;
L_000001e719cf2cd0 .functor AND 1, v000001e719cd9e10_0, v000001e719cd9cd0_0, C4<1>, C4<1>;
v000001e719d25610_0 .net *"_ivl_2", 0 0, L_000001e719d25890;  1 drivers
v000001e719cf2910_0 .net *"_ivl_4", 0 0, L_000001e719cf2e40;  1 drivers
v000001e719d256b0_0 .net *"_ivl_9", 0 0, L_000001e719cf2cd0;  1 drivers
v000001e719d25750_0 .net "input1", 0 0, v000001e719cd9cd0_0;  1 drivers
v000001e719d257f0_0 .net "out", 1 0, L_000001e719cd9eb0;  alias, 1 drivers
v000001e719cd9c30_0 .net "select", 0 0, v000001e719cd9e10_0;  1 drivers
L_000001e719cd9eb0 .concat8 [ 1 1 0 0], L_000001e719cf2e40, L_000001e719cf2cd0;
    .scope S_000001e719cd97a0;
T_0 ;
    %pushi/vec4 0, 0, 1;
    %store/vec4 v000001e719cd9e10_0, 0, 1;
    %pushi/vec4 1, 0, 1;
    %store/vec4 v000001e719cd9cd0_0, 0, 1;
    %end;
    .thread T_0;
    .scope S_000001e719cd97a0;
T_1 ;
    %delay 2, 0;
    %load/vec4 v000001e719cd9e10_0;
    %addi 1, 0, 1;
    %store/vec4 v000001e719cd9e10_0, 0, 1;
    %jmp T_1;
    .thread T_1;
    .scope S_000001e719cd97a0;
T_2 ;
    %delay 1, 0;
    %load/vec4 v000001e719cd9cd0_0;
    %addi 1, 0, 1;
    %store/vec4 v000001e719cd9cd0_0, 0, 1;
    %jmp T_2;
    .thread T_2;
    .scope S_000001e719cd97a0;
T_3 ;
    %vpi_call 2 38 "$dumpfile", "demultiplexer_1to2.vcd" {0 0 0};
    %vpi_call 2 39 "$dumpvars", 32'sb00000000000000000000000000000000, S_000001e719cd97a0 {0 0 0};
    %vpi_call 2 40 "$monitor", "time = %g, out = %b, input1 = %b, select = %b", $time, v000001e719cd9d70_0, v000001e719cd9cd0_0, v000001e719cd9e10_0 {0 0 0};
    %end;
    .thread T_3;
    .scope S_000001e719cd97a0;
T_4 ;
    %delay 10, 0;
    %vpi_call 2 42 "$finish" {0 0 0};
    %end;
    .thread T_4;
# The file index is used to find the file name in the following table.
:file_names 3;
    "N/A";
    "<interactive>";
    "demultiplexer_1to2.v";
