#! /c/Source/iverilog-install/bin/vvp
:ivl_version "12.0 (devel)" "(s20150603-1539-g2693dd32b)";
:ivl_delay_selection "TYPICAL";
:vpi_time_precision + 0;
:vpi_module "C:\iverilog\lib\ivl\system.vpi";
:vpi_module "C:\iverilog\lib\ivl\vhdl_sys.vpi";
:vpi_module "C:\iverilog\lib\ivl\vhdl_textio.vpi";
:vpi_module "C:\iverilog\lib\ivl\v2005_math.vpi";
:vpi_module "C:\iverilog\lib\ivl\va_math.vpi";
S_00000222c4495bc0 .scope module, "fullsubtractor_test" "fullsubtractor_test" 2 19;
 .timescale 0 0;
v00000222c44a3a00_0 .net "Borr", 0 0, L_00000222c4495000;  1 drivers
v00000222c44a40e0_0 .net "Diff", 0 0, L_00000222c44952a0;  1 drivers
v00000222c44a44a0_0 .var "InBorr", 0 0;
v00000222c44a4180_0 .var "input1", 0 0;
v00000222c44a3b40_0 .var "input2", 0 0;
S_00000222c4495d50 .scope module, "ha" "fullsubtractor_structural" 2 31, 2 1 0, S_00000222c4495bc0;
 .timescale 0 0;
    .port_info 0 /OUTPUT 1 "Diff";
    .port_info 1 /OUTPUT 1 "Borr";
    .port_info 2 /INPUT 1 "input1";
    .port_info 3 /INPUT 1 "input2";
    .port_info 4 /INPUT 1 "InBorr";
L_00000222c4495070 .functor XOR 1, v00000222c44a4180_0, v00000222c44a3b40_0, C4<0>, C4<0>;
L_00000222c4495690 .functor NOT 1, v00000222c44a4180_0, C4<0>, C4<0>, C4<0>;
L_00000222c4495700 .functor AND 1, L_00000222c4495690, v00000222c44a3b40_0, C4<1>, C4<1>;
L_00000222c44951c0 .functor NOT 1, L_00000222c4495070, C4<0>, C4<0>, C4<0>;
L_00000222c4495230 .functor AND 1, L_00000222c44951c0, v00000222c44a44a0_0, C4<1>, C4<1>;
L_00000222c44952a0 .functor XOR 1, L_00000222c4495070, v00000222c44a44a0_0, C4<0>, C4<0>;
L_00000222c4495000 .functor OR 1, L_00000222c4495230, L_00000222c4495700, C4<0>, C4<0>;
v00000222c4472b70_0 .net "Borr", 0 0, L_00000222c4495000;  alias, 1 drivers
v00000222c42ebc60_0 .net "Diff", 0 0, L_00000222c44952a0;  alias, 1 drivers
v00000222c42ebd00_0 .net "InBorr", 0 0, v00000222c44a44a0_0;  1 drivers
v00000222c4494850_0 .net "Ninput1", 0 0, L_00000222c4495690;  1 drivers
v00000222c44948f0_0 .net "Nv1", 0 0, L_00000222c44951c0;  1 drivers
v00000222c4494990_0 .net "input1", 0 0, v00000222c44a4180_0;  1 drivers
v00000222c4494a30_0 .net "input2", 0 0, v00000222c44a3b40_0;  1 drivers
v00000222c4494ad0_0 .net "v1", 0 0, L_00000222c4495070;  1 drivers
v00000222c4472510_0 .net "v2", 0 0, L_00000222c4495700;  1 drivers
v00000222c44725b0_0 .net "v3", 0 0, L_00000222c4495230;  1 drivers
    .scope S_00000222c4495bc0;
T_0 ;
    %pushi/vec4 0, 0, 3;
    %split/vec4 1;
    %store/vec4 v00000222c44a44a0_0, 0, 1;
    %split/vec4 1;
    %store/vec4 v00000222c44a3b40_0, 0, 1;
    %store/vec4 v00000222c44a4180_0, 0, 1;
    %end;
    .thread T_0;
    .scope S_00000222c4495bc0;
T_1 ;
    %delay 4, 0;
    %load/vec4 v00000222c44a4180_0;
    %addi 1, 0, 1;
    %store/vec4 v00000222c44a4180_0, 0, 1;
    %jmp T_1;
    .thread T_1;
    .scope S_00000222c4495bc0;
T_2 ;
    %delay 2, 0;
    %load/vec4 v00000222c44a3b40_0;
    %addi 1, 0, 1;
    %store/vec4 v00000222c44a3b40_0, 0, 1;
    %jmp T_2;
    .thread T_2;
    .scope S_00000222c4495bc0;
T_3 ;
    %delay 1, 0;
    %load/vec4 v00000222c44a44a0_0;
    %addi 1, 0, 1;
    %store/vec4 v00000222c44a44a0_0, 0, 1;
    %jmp T_3;
    .thread T_3;
    .scope S_00000222c4495bc0;
T_4 ;
    %vpi_call 2 43 "$dumpfile", "fullsubtractor_structural.vcd" {0 0 0};
    %vpi_call 2 44 "$dumpvars", 32'sb00000000000000000000000000000000, S_00000222c4495bc0 {0 0 0};
    %vpi_call 2 45 "$monitor", "time=%g,Diff =%b,Borr =%b, input1=%b, input2=%b, InBorra=%b", $time, v00000222c44a40e0_0, v00000222c44a3a00_0, v00000222c44a4180_0, v00000222c44a3b40_0, v00000222c44a44a0_0 {0 0 0};
    %end;
    .thread T_4;
    .scope S_00000222c4495bc0;
T_5 ;
    %delay 20, 0;
    %vpi_call 2 48 "$finish" {0 0 0};
    %end;
    .thread T_5;
# The file index is used to find the file name in the following table.
:file_names 3;
    "N/A";
    "<interactive>";
    "fullsubtractor_structural.v";
