#! /c/Source/iverilog-install/bin/vvp
:ivl_version "12.0 (devel)" "(s20150603-1539-g2693dd32b)";
:ivl_delay_selection "TYPICAL";
:vpi_time_precision + 0;
:vpi_module "C:\iverilog\lib\ivl\system.vpi";
:vpi_module "C:\iverilog\lib\ivl\vhdl_sys.vpi";
:vpi_module "C:\iverilog\lib\ivl\vhdl_textio.vpi";
:vpi_module "C:\iverilog\lib\ivl\v2005_math.vpi";
:vpi_module "C:\iverilog\lib\ivl\va_math.vpi";
S_000002f63ab91260 .scope module, "sixteenbit_adder_test" "sixteenbit_adder_test" 2 47;
 .timescale 0 0;
v000002f63abe7bb0_0 .net "carry", 0 0, v000002f63abe5330_0;  1 drivers
v000002f63abe6530_0 .var "input1", 15 0;
v000002f63abe6c10_0 .var "input2", 15 0;
v000002f63abe7250_0 .var "input3", 0 0;
v000002f63abe6030_0 .net "sum", 15 0, L_000002f63abeaa90;  1 drivers
S_000002f63ab6f8e0 .scope module, "ha" "sixteenbit_adder" 2 59, 2 2 0, S_000002f63ab91260;
 .timescale 0 0;
    .port_info 0 /OUTPUT 16 "sum";
    .port_info 1 /OUTPUT 1 "carry";
    .port_info 2 /INPUT 16 "input1";
    .port_info 3 /INPUT 16 "input2";
    .port_info 4 /INPUT 1 "input3";
v000002f63abe6e90_0 .net "carry", 0 0, v000002f63abe5330_0;  alias, 1 drivers
v000002f63abe6170_0 .net "carrybetween", 14 0, L_000002f63abe9af0;  1 drivers
v000002f63abe5f90_0 .net "input1", 15 0, v000002f63abe6530_0;  1 drivers
v000002f63abe79d0_0 .net "input2", 15 0, v000002f63abe6c10_0;  1 drivers
v000002f63abe7110_0 .net "input3", 0 0, v000002f63abe7250_0;  1 drivers
v000002f63abe6a30_0 .net "sum", 15 0, L_000002f63abeaa90;  alias, 1 drivers
L_000002f63abe6ad0 .part v000002f63abe6530_0, 0, 1;
L_000002f63abe6df0 .part v000002f63abe6c10_0, 0, 1;
L_000002f63abe6990 .part v000002f63abe6530_0, 1, 1;
L_000002f63abe7b10 .part v000002f63abe6c10_0, 1, 1;
L_000002f63abe7570 .part L_000002f63abe9af0, 0, 1;
L_000002f63abe7c50 .part v000002f63abe6530_0, 2, 1;
L_000002f63abe6350 .part v000002f63abe6c10_0, 2, 1;
L_000002f63abe6cb0 .part L_000002f63abe9af0, 1, 1;
L_000002f63abe6b70 .part v000002f63abe6530_0, 3, 1;
L_000002f63abe6210 .part v000002f63abe6c10_0, 3, 1;
L_000002f63abe62b0 .part L_000002f63abe9af0, 2, 1;
L_000002f63abe7cf0 .part v000002f63abe6530_0, 4, 1;
L_000002f63abe6fd0 .part v000002f63abe6c10_0, 4, 1;
L_000002f63abe6d50 .part L_000002f63abe9af0, 3, 1;
L_000002f63abe74d0 .part v000002f63abe6530_0, 5, 1;
L_000002f63abe7750 .part v000002f63abe6c10_0, 5, 1;
L_000002f63abe6490 .part L_000002f63abe9af0, 4, 1;
L_000002f63abe72f0 .part v000002f63abe6530_0, 6, 1;
L_000002f63abe7610 .part v000002f63abe6c10_0, 6, 1;
L_000002f63abe65d0 .part L_000002f63abe9af0, 5, 1;
L_000002f63abe6670 .part v000002f63abe6530_0, 7, 1;
L_000002f63abe6710 .part v000002f63abe6c10_0, 7, 1;
L_000002f63abe67b0 .part L_000002f63abe9af0, 6, 1;
L_000002f63abe6850 .part v000002f63abe6530_0, 8, 1;
L_000002f63abe76b0 .part v000002f63abe6c10_0, 8, 1;
L_000002f63abe77f0 .part L_000002f63abe9af0, 7, 1;
L_000002f63abe68f0 .part v000002f63abe6530_0, 9, 1;
L_000002f63abe7390 .part v000002f63abe6c10_0, 9, 1;
L_000002f63abe7430 .part L_000002f63abe9af0, 8, 1;
L_000002f63abe7890 .part v000002f63abe6530_0, 10, 1;
L_000002f63abe7930 .part v000002f63abe6c10_0, 10, 1;
L_000002f63abe7a70 .part L_000002f63abe9af0, 9, 1;
L_000002f63abea3b0 .part v000002f63abe6530_0, 11, 1;
L_000002f63abe92d0 .part v000002f63abe6c10_0, 11, 1;
L_000002f63abe9f50 .part L_000002f63abe9af0, 10, 1;
L_000002f63abeabd0 .part v000002f63abe6530_0, 12, 1;
L_000002f63abea810 .part v000002f63abe6c10_0, 12, 1;
L_000002f63abe9870 .part L_000002f63abe9af0, 11, 1;
L_000002f63abe9cd0 .part v000002f63abe6530_0, 13, 1;
L_000002f63abe9910 .part v000002f63abe6c10_0, 13, 1;
L_000002f63abeab30 .part L_000002f63abe9af0, 12, 1;
LS_000002f63abe9af0_0_0 .concat8 [ 1 1 1 1], v000002f63ab82e90_0, v000002f63ab819f0_0, v000002f63abe5650_0, v000002f63abe4390_0;
LS_000002f63abe9af0_0_4 .concat8 [ 1 1 1 1], v000002f63abe4930_0, v000002f63abe3cb0_0, v000002f63abe4c50_0, v000002f63abe5010_0;
LS_000002f63abe9af0_0_8 .concat8 [ 1 1 1 1], v000002f63abe3d50_0, v000002f63abe7e30_0, v000002f63ab81a90_0, v000002f63ab79bb0_0;
LS_000002f63abe9af0_0_12 .concat8 [ 1 1 1 0], v000002f63ab79610_0, v000002f63abe3f30_0, v000002f63abe4ed0_0;
L_000002f63abe9af0 .concat8 [ 4 4 4 3], LS_000002f63abe9af0_0_0, LS_000002f63abe9af0_0_4, LS_000002f63abe9af0_0_8, LS_000002f63abe9af0_0_12;
L_000002f63abe9a50 .part v000002f63abe6530_0, 14, 1;
L_000002f63abe9ff0 .part v000002f63abe6c10_0, 14, 1;
L_000002f63abea090 .part L_000002f63abe9af0, 13, 1;
LS_000002f63abeaa90_0_0 .concat8 [ 1 1 1 1], v000002f63ab81c70_0, v000002f63ab822b0_0, v000002f63abe4d90_0, v000002f63abe4890_0;
LS_000002f63abeaa90_0_4 .concat8 [ 1 1 1 1], v000002f63abe3e90_0, v000002f63abe4b10_0, v000002f63abe4e30_0, v000002f63abe41b0_0;
LS_000002f63abeaa90_0_8 .concat8 [ 1 1 1 1], v000002f63abe63f0_0, v000002f63abe71b0_0, v000002f63ab81310_0, v000002f63ab78d50_0;
LS_000002f63abeaa90_0_12 .concat8 [ 1 1 1 1], v000002f63abe4250_0, v000002f63abe42f0_0, v000002f63abe4110_0, v000002f63abe56f0_0;
L_000002f63abeaa90 .concat8 [ 4 4 4 4], LS_000002f63abeaa90_0_0, LS_000002f63abeaa90_0_4, LS_000002f63abeaa90_0_8, LS_000002f63abeaa90_0_12;
L_000002f63abe9230 .part v000002f63abe6530_0, 15, 1;
L_000002f63abe9c30 .part v000002f63abe6c10_0, 15, 1;
L_000002f63abeac70 .part L_000002f63abe9af0, 14, 1;
S_000002f63ab6fa70 .scope module, "fa0" "fulladder_behavioral" 2 10, 2 31 0, S_000002f63ab6f8e0;
 .timescale 0 0;
    .port_info 0 /OUTPUT 1 "sumfa";
    .port_info 1 /OUTPUT 1 "carryfa";
    .port_info 2 /INPUT 1 "input1fa";
    .port_info 3 /INPUT 1 "input2fa";
    .port_info 4 /INPUT 1 "input3fa";
v000002f63ab82e90_0 .var "carryfa", 0 0;
v000002f63ab81590_0 .net "input1fa", 0 0, L_000002f63abe6ad0;  1 drivers
v000002f63ab81950_0 .net "input2fa", 0 0, L_000002f63abe6df0;  1 drivers
v000002f63ab82350_0 .net "input3fa", 0 0, v000002f63abe7250_0;  alias, 1 drivers
v000002f63ab81c70_0 .var "sumfa", 0 0;
E_000002f63ab87900 .event anyedge, v000002f63ab81590_0, v000002f63ab81950_0, v000002f63ab82350_0;
S_000002f63ab32510 .scope module, "fa1" "fulladder_behavioral" 2 11, 2 31 0, S_000002f63ab6f8e0;
 .timescale 0 0;
    .port_info 0 /OUTPUT 1 "sumfa";
    .port_info 1 /OUTPUT 1 "carryfa";
    .port_info 2 /INPUT 1 "input1fa";
    .port_info 3 /INPUT 1 "input2fa";
    .port_info 4 /INPUT 1 "input3fa";
v000002f63ab819f0_0 .var "carryfa", 0 0;
v000002f63ab82990_0 .net "input1fa", 0 0, L_000002f63abe6990;  1 drivers
v000002f63ab82a30_0 .net "input2fa", 0 0, L_000002f63abe7b10;  1 drivers
v000002f63ab81db0_0 .net "input3fa", 0 0, L_000002f63abe7570;  1 drivers
v000002f63ab822b0_0 .var "sumfa", 0 0;
E_000002f63ab87640 .event anyedge, v000002f63ab82990_0, v000002f63ab82a30_0, v000002f63ab81db0_0;
S_000002f63ab326a0 .scope module, "fa10" "fulladder_behavioral" 2 20, 2 31 0, S_000002f63ab6f8e0;
 .timescale 0 0;
    .port_info 0 /OUTPUT 1 "sumfa";
    .port_info 1 /OUTPUT 1 "carryfa";
    .port_info 2 /INPUT 1 "input1fa";
    .port_info 3 /INPUT 1 "input2fa";
    .port_info 4 /INPUT 1 "input3fa";
v000002f63ab81a90_0 .var "carryfa", 0 0;
v000002f63ab82030_0 .net "input1fa", 0 0, L_000002f63abe7890;  1 drivers
v000002f63ab82df0_0 .net "input2fa", 0 0, L_000002f63abe7930;  1 drivers
v000002f63ab82f30_0 .net "input3fa", 0 0, L_000002f63abe7a70;  1 drivers
v000002f63ab81310_0 .var "sumfa", 0 0;
E_000002f63ab87dc0 .event anyedge, v000002f63ab82030_0, v000002f63ab82df0_0, v000002f63ab82f30_0;
S_000002f63ab91780 .scope module, "fa11" "fulladder_behavioral" 2 21, 2 31 0, S_000002f63ab6f8e0;
 .timescale 0 0;
    .port_info 0 /OUTPUT 1 "sumfa";
    .port_info 1 /OUTPUT 1 "carryfa";
    .port_info 2 /INPUT 1 "input1fa";
    .port_info 3 /INPUT 1 "input2fa";
    .port_info 4 /INPUT 1 "input3fa";
v000002f63ab79bb0_0 .var "carryfa", 0 0;
v000002f63ab79390_0 .net "input1fa", 0 0, L_000002f63abea3b0;  1 drivers
v000002f63ab79570_0 .net "input2fa", 0 0, L_000002f63abe92d0;  1 drivers
v000002f63ab79110_0 .net "input3fa", 0 0, L_000002f63abe9f50;  1 drivers
v000002f63ab78d50_0 .var "sumfa", 0 0;
E_000002f63ab87b00 .event anyedge, v000002f63ab79390_0, v000002f63ab79570_0, v000002f63ab79110_0;
S_000002f63ab91910 .scope module, "fa12" "fulladder_behavioral" 2 22, 2 31 0, S_000002f63ab6f8e0;
 .timescale 0 0;
    .port_info 0 /OUTPUT 1 "sumfa";
    .port_info 1 /OUTPUT 1 "carryfa";
    .port_info 2 /INPUT 1 "input1fa";
    .port_info 3 /INPUT 1 "input2fa";
    .port_info 4 /INPUT 1 "input3fa";
v000002f63ab79610_0 .var "carryfa", 0 0;
v000002f63ab79750_0 .net "input1fa", 0 0, L_000002f63abeabd0;  1 drivers
v000002f63ab797f0_0 .net "input2fa", 0 0, L_000002f63abea810;  1 drivers
v000002f63abe5790_0 .net "input3fa", 0 0, L_000002f63abe9870;  1 drivers
v000002f63abe4250_0 .var "sumfa", 0 0;
E_000002f63ab88480 .event anyedge, v000002f63ab79750_0, v000002f63ab797f0_0, v000002f63abe5790_0;
S_000002f63ab91aa0 .scope module, "fa13" "fulladder_behavioral" 2 23, 2 31 0, S_000002f63ab6f8e0;
 .timescale 0 0;
    .port_info 0 /OUTPUT 1 "sumfa";
    .port_info 1 /OUTPUT 1 "carryfa";
    .port_info 2 /INPUT 1 "input1fa";
    .port_info 3 /INPUT 1 "input2fa";
    .port_info 4 /INPUT 1 "input3fa";
v000002f63abe3f30_0 .var "carryfa", 0 0;
v000002f63abe47f0_0 .net "input1fa", 0 0, L_000002f63abe9cd0;  1 drivers
v000002f63abe5830_0 .net "input2fa", 0 0, L_000002f63abe9910;  1 drivers
v000002f63abe58d0_0 .net "input3fa", 0 0, L_000002f63abeab30;  1 drivers
v000002f63abe42f0_0 .var "sumfa", 0 0;
E_000002f63ab87e00 .event anyedge, v000002f63abe47f0_0, v000002f63abe5830_0, v000002f63abe58d0_0;
S_000002f63abe5a90 .scope module, "fa14" "fulladder_behavioral" 2 24, 2 31 0, S_000002f63ab6f8e0;
 .timescale 0 0;
    .port_info 0 /OUTPUT 1 "sumfa";
    .port_info 1 /OUTPUT 1 "carryfa";
    .port_info 2 /INPUT 1 "input1fa";
    .port_info 3 /INPUT 1 "input2fa";
    .port_info 4 /INPUT 1 "input3fa";
v000002f63abe4ed0_0 .var "carryfa", 0 0;
v000002f63abe3b70_0 .net "input1fa", 0 0, L_000002f63abe9a50;  1 drivers
v000002f63abe50b0_0 .net "input2fa", 0 0, L_000002f63abe9ff0;  1 drivers
v000002f63abe3fd0_0 .net "input3fa", 0 0, L_000002f63abea090;  1 drivers
v000002f63abe4110_0 .var "sumfa", 0 0;
E_000002f63ab87b80 .event anyedge, v000002f63abe3b70_0, v000002f63abe50b0_0, v000002f63abe3fd0_0;
S_000002f63abe5c20 .scope module, "fa15" "fulladder_behavioral" 2 25, 2 31 0, S_000002f63ab6f8e0;
 .timescale 0 0;
    .port_info 0 /OUTPUT 1 "sumfa";
    .port_info 1 /OUTPUT 1 "carryfa";
    .port_info 2 /INPUT 1 "input1fa";
    .port_info 3 /INPUT 1 "input2fa";
    .port_info 4 /INPUT 1 "input3fa";
v000002f63abe5330_0 .var "carryfa", 0 0;
v000002f63abe4750_0 .net "input1fa", 0 0, L_000002f63abe9230;  1 drivers
v000002f63abe5970_0 .net "input2fa", 0 0, L_000002f63abe9c30;  1 drivers
v000002f63abe5150_0 .net "input3fa", 0 0, L_000002f63abeac70;  1 drivers
v000002f63abe56f0_0 .var "sumfa", 0 0;
E_000002f63ab87940 .event anyedge, v000002f63abe4750_0, v000002f63abe5970_0, v000002f63abe5150_0;
S_000002f63abe5db0 .scope module, "fa2" "fulladder_behavioral" 2 12, 2 31 0, S_000002f63ab6f8e0;
 .timescale 0 0;
    .port_info 0 /OUTPUT 1 "sumfa";
    .port_info 1 /OUTPUT 1 "carryfa";
    .port_info 2 /INPUT 1 "input1fa";
    .port_info 3 /INPUT 1 "input2fa";
    .port_info 4 /INPUT 1 "input3fa";
v000002f63abe5650_0 .var "carryfa", 0 0;
v000002f63abe4070_0 .net "input1fa", 0 0, L_000002f63abe7c50;  1 drivers
v000002f63abe51f0_0 .net "input2fa", 0 0, L_000002f63abe6350;  1 drivers
v000002f63abe3ad0_0 .net "input3fa", 0 0, L_000002f63abe6cb0;  1 drivers
v000002f63abe4d90_0 .var "sumfa", 0 0;
E_000002f63ab87cc0 .event anyedge, v000002f63abe4070_0, v000002f63abe51f0_0, v000002f63abe3ad0_0;
S_000002f63ab8b160 .scope module, "fa3" "fulladder_behavioral" 2 13, 2 31 0, S_000002f63ab6f8e0;
 .timescale 0 0;
    .port_info 0 /OUTPUT 1 "sumfa";
    .port_info 1 /OUTPUT 1 "carryfa";
    .port_info 2 /INPUT 1 "input1fa";
    .port_info 3 /INPUT 1 "input2fa";
    .port_info 4 /INPUT 1 "input3fa";
v000002f63abe4390_0 .var "carryfa", 0 0;
v000002f63abe53d0_0 .net "input1fa", 0 0, L_000002f63abe6b70;  1 drivers
v000002f63abe5290_0 .net "input2fa", 0 0, L_000002f63abe6210;  1 drivers
v000002f63abe3c10_0 .net "input3fa", 0 0, L_000002f63abe62b0;  1 drivers
v000002f63abe4890_0 .var "sumfa", 0 0;
E_000002f63ab87e80 .event anyedge, v000002f63abe53d0_0, v000002f63abe5290_0, v000002f63abe3c10_0;
S_000002f63ab8b2f0 .scope module, "fa4" "fulladder_behavioral" 2 14, 2 31 0, S_000002f63ab6f8e0;
 .timescale 0 0;
    .port_info 0 /OUTPUT 1 "sumfa";
    .port_info 1 /OUTPUT 1 "carryfa";
    .port_info 2 /INPUT 1 "input1fa";
    .port_info 3 /INPUT 1 "input2fa";
    .port_info 4 /INPUT 1 "input3fa";
v000002f63abe4930_0 .var "carryfa", 0 0;
v000002f63abe49d0_0 .net "input1fa", 0 0, L_000002f63abe7cf0;  1 drivers
v000002f63abe4bb0_0 .net "input2fa", 0 0, L_000002f63abe6fd0;  1 drivers
v000002f63abe46b0_0 .net "input3fa", 0 0, L_000002f63abe6d50;  1 drivers
v000002f63abe3e90_0 .var "sumfa", 0 0;
E_000002f63ab87f00 .event anyedge, v000002f63abe49d0_0, v000002f63abe4bb0_0, v000002f63abe46b0_0;
S_000002f63ab8b480 .scope module, "fa5" "fulladder_behavioral" 2 15, 2 31 0, S_000002f63ab6f8e0;
 .timescale 0 0;
    .port_info 0 /OUTPUT 1 "sumfa";
    .port_info 1 /OUTPUT 1 "carryfa";
    .port_info 2 /INPUT 1 "input1fa";
    .port_info 3 /INPUT 1 "input2fa";
    .port_info 4 /INPUT 1 "input3fa";
v000002f63abe3cb0_0 .var "carryfa", 0 0;
v000002f63abe5470_0 .net "input1fa", 0 0, L_000002f63abe74d0;  1 drivers
v000002f63abe4430_0 .net "input2fa", 0 0, L_000002f63abe7750;  1 drivers
v000002f63abe4a70_0 .net "input3fa", 0 0, L_000002f63abe6490;  1 drivers
v000002f63abe4b10_0 .var "sumfa", 0 0;
E_000002f63ab879c0 .event anyedge, v000002f63abe5470_0, v000002f63abe4430_0, v000002f63abe4a70_0;
S_000002f63ab8b610 .scope module, "fa6" "fulladder_behavioral" 2 16, 2 31 0, S_000002f63ab6f8e0;
 .timescale 0 0;
    .port_info 0 /OUTPUT 1 "sumfa";
    .port_info 1 /OUTPUT 1 "carryfa";
    .port_info 2 /INPUT 1 "input1fa";
    .port_info 3 /INPUT 1 "input2fa";
    .port_info 4 /INPUT 1 "input3fa";
v000002f63abe4c50_0 .var "carryfa", 0 0;
v000002f63abe44d0_0 .net "input1fa", 0 0, L_000002f63abe72f0;  1 drivers
v000002f63abe4cf0_0 .net "input2fa", 0 0, L_000002f63abe7610;  1 drivers
v000002f63abe4f70_0 .net "input3fa", 0 0, L_000002f63abe65d0;  1 drivers
v000002f63abe4e30_0 .var "sumfa", 0 0;
E_000002f63ab88000 .event anyedge, v000002f63abe44d0_0, v000002f63abe4cf0_0, v000002f63abe4f70_0;
S_000002f63ab8b7a0 .scope module, "fa7" "fulladder_behavioral" 2 17, 2 31 0, S_000002f63ab6f8e0;
 .timescale 0 0;
    .port_info 0 /OUTPUT 1 "sumfa";
    .port_info 1 /OUTPUT 1 "carryfa";
    .port_info 2 /INPUT 1 "input1fa";
    .port_info 3 /INPUT 1 "input2fa";
    .port_info 4 /INPUT 1 "input3fa";
v000002f63abe5010_0 .var "carryfa", 0 0;
v000002f63abe3df0_0 .net "input1fa", 0 0, L_000002f63abe6670;  1 drivers
v000002f63abe55b0_0 .net "input2fa", 0 0, L_000002f63abe6710;  1 drivers
v000002f63abe5510_0 .net "input3fa", 0 0, L_000002f63abe67b0;  1 drivers
v000002f63abe41b0_0 .var "sumfa", 0 0;
E_000002f63ab88180 .event anyedge, v000002f63abe3df0_0, v000002f63abe55b0_0, v000002f63abe5510_0;
S_000002f63ab7bc90 .scope module, "fa8" "fulladder_behavioral" 2 18, 2 31 0, S_000002f63ab6f8e0;
 .timescale 0 0;
    .port_info 0 /OUTPUT 1 "sumfa";
    .port_info 1 /OUTPUT 1 "carryfa";
    .port_info 2 /INPUT 1 "input1fa";
    .port_info 3 /INPUT 1 "input2fa";
    .port_info 4 /INPUT 1 "input3fa";
v000002f63abe3d50_0 .var "carryfa", 0 0;
v000002f63abe4570_0 .net "input1fa", 0 0, L_000002f63abe6850;  1 drivers
v000002f63abe4610_0 .net "input2fa", 0 0, L_000002f63abe76b0;  1 drivers
v000002f63abe6f30_0 .net "input3fa", 0 0, L_000002f63abe77f0;  1 drivers
v000002f63abe63f0_0 .var "sumfa", 0 0;
E_000002f63ab882c0 .event anyedge, v000002f63abe4570_0, v000002f63abe4610_0, v000002f63abe6f30_0;
S_000002f63abe8900 .scope module, "fa9" "fulladder_behavioral" 2 19, 2 31 0, S_000002f63ab6f8e0;
 .timescale 0 0;
    .port_info 0 /OUTPUT 1 "sumfa";
    .port_info 1 /OUTPUT 1 "carryfa";
    .port_info 2 /INPUT 1 "input1fa";
    .port_info 3 /INPUT 1 "input2fa";
    .port_info 4 /INPUT 1 "input3fa";
v000002f63abe7e30_0 .var "carryfa", 0 0;
v000002f63abe7d90_0 .net "input1fa", 0 0, L_000002f63abe68f0;  1 drivers
v000002f63abe60d0_0 .net "input2fa", 0 0, L_000002f63abe7390;  1 drivers
v000002f63abe7070_0 .net "input3fa", 0 0, L_000002f63abe7430;  1 drivers
v000002f63abe71b0_0 .var "sumfa", 0 0;
E_000002f63ab88200 .event anyedge, v000002f63abe7d90_0, v000002f63abe60d0_0, v000002f63abe7070_0;
    .scope S_000002f63ab6fa70;
T_0 ;
    %wait E_000002f63ab87900;
    %load/vec4 v000002f63ab81590_0;
    %load/vec4 v000002f63ab81950_0;
    %xor;
    %load/vec4 v000002f63ab82350_0;
    %xor;
    %store/vec4 v000002f63ab81c70_0, 0, 1;
    %load/vec4 v000002f63ab81590_0;
    %load/vec4 v000002f63ab81950_0;
    %and;
    %load/vec4 v000002f63ab81950_0;
    %load/vec4 v000002f63ab82350_0;
    %and;
    %or;
    %load/vec4 v000002f63ab81590_0;
    %load/vec4 v000002f63ab82350_0;
    %and;
    %or;
    %store/vec4 v000002f63ab82e90_0, 0, 1;
    %jmp T_0;
    .thread T_0, $push;
    .scope S_000002f63ab32510;
T_1 ;
    %wait E_000002f63ab87640;
    %load/vec4 v000002f63ab82990_0;
    %load/vec4 v000002f63ab82a30_0;
    %xor;
    %load/vec4 v000002f63ab81db0_0;
    %xor;
    %store/vec4 v000002f63ab822b0_0, 0, 1;
    %load/vec4 v000002f63ab82990_0;
    %load/vec4 v000002f63ab82a30_0;
    %and;
    %load/vec4 v000002f63ab82a30_0;
    %load/vec4 v000002f63ab81db0_0;
    %and;
    %or;
    %load/vec4 v000002f63ab82990_0;
    %load/vec4 v000002f63ab81db0_0;
    %and;
    %or;
    %store/vec4 v000002f63ab819f0_0, 0, 1;
    %jmp T_1;
    .thread T_1, $push;
    .scope S_000002f63abe5db0;
T_2 ;
    %wait E_000002f63ab87cc0;
    %load/vec4 v000002f63abe4070_0;
    %load/vec4 v000002f63abe51f0_0;
    %xor;
    %load/vec4 v000002f63abe3ad0_0;
    %xor;
    %store/vec4 v000002f63abe4d90_0, 0, 1;
    %load/vec4 v000002f63abe4070_0;
    %load/vec4 v000002f63abe51f0_0;
    %and;
    %load/vec4 v000002f63abe51f0_0;
    %load/vec4 v000002f63abe3ad0_0;
    %and;
    %or;
    %load/vec4 v000002f63abe4070_0;
    %load/vec4 v000002f63abe3ad0_0;
    %and;
    %or;
    %store/vec4 v000002f63abe5650_0, 0, 1;
    %jmp T_2;
    .thread T_2, $push;
    .scope S_000002f63ab8b160;
T_3 ;
    %wait E_000002f63ab87e80;
    %load/vec4 v000002f63abe53d0_0;
    %load/vec4 v000002f63abe5290_0;
    %xor;
    %load/vec4 v000002f63abe3c10_0;
    %xor;
    %store/vec4 v000002f63abe4890_0, 0, 1;
    %load/vec4 v000002f63abe53d0_0;
    %load/vec4 v000002f63abe5290_0;
    %and;
    %load/vec4 v000002f63abe5290_0;
    %load/vec4 v000002f63abe3c10_0;
    %and;
    %or;
    %load/vec4 v000002f63abe53d0_0;
    %load/vec4 v000002f63abe3c10_0;
    %and;
    %or;
    %store/vec4 v000002f63abe4390_0, 0, 1;
    %jmp T_3;
    .thread T_3, $push;
    .scope S_000002f63ab8b2f0;
T_4 ;
    %wait E_000002f63ab87f00;
    %load/vec4 v000002f63abe49d0_0;
    %load/vec4 v000002f63abe4bb0_0;
    %xor;
    %load/vec4 v000002f63abe46b0_0;
    %xor;
    %store/vec4 v000002f63abe3e90_0, 0, 1;
    %load/vec4 v000002f63abe49d0_0;
    %load/vec4 v000002f63abe4bb0_0;
    %and;
    %load/vec4 v000002f63abe4bb0_0;
    %load/vec4 v000002f63abe46b0_0;
    %and;
    %or;
    %load/vec4 v000002f63abe49d0_0;
    %load/vec4 v000002f63abe46b0_0;
    %and;
    %or;
    %store/vec4 v000002f63abe4930_0, 0, 1;
    %jmp T_4;
    .thread T_4, $push;
    .scope S_000002f63ab8b480;
T_5 ;
    %wait E_000002f63ab879c0;
    %load/vec4 v000002f63abe5470_0;
    %load/vec4 v000002f63abe4430_0;
    %xor;
    %load/vec4 v000002f63abe4a70_0;
    %xor;
    %store/vec4 v000002f63abe4b10_0, 0, 1;
    %load/vec4 v000002f63abe5470_0;
    %load/vec4 v000002f63abe4430_0;
    %and;
    %load/vec4 v000002f63abe4430_0;
    %load/vec4 v000002f63abe4a70_0;
    %and;
    %or;
    %load/vec4 v000002f63abe5470_0;
    %load/vec4 v000002f63abe4a70_0;
    %and;
    %or;
    %store/vec4 v000002f63abe3cb0_0, 0, 1;
    %jmp T_5;
    .thread T_5, $push;
    .scope S_000002f63ab8b610;
T_6 ;
    %wait E_000002f63ab88000;
    %load/vec4 v000002f63abe44d0_0;
    %load/vec4 v000002f63abe4cf0_0;
    %xor;
    %load/vec4 v000002f63abe4f70_0;
    %xor;
    %store/vec4 v000002f63abe4e30_0, 0, 1;
    %load/vec4 v000002f63abe44d0_0;
    %load/vec4 v000002f63abe4cf0_0;
    %and;
    %load/vec4 v000002f63abe4cf0_0;
    %load/vec4 v000002f63abe4f70_0;
    %and;
    %or;
    %load/vec4 v000002f63abe44d0_0;
    %load/vec4 v000002f63abe4f70_0;
    %and;
    %or;
    %store/vec4 v000002f63abe4c50_0, 0, 1;
    %jmp T_6;
    .thread T_6, $push;
    .scope S_000002f63ab8b7a0;
T_7 ;
    %wait E_000002f63ab88180;
    %load/vec4 v000002f63abe3df0_0;
    %load/vec4 v000002f63abe55b0_0;
    %xor;
    %load/vec4 v000002f63abe5510_0;
    %xor;
    %store/vec4 v000002f63abe41b0_0, 0, 1;
    %load/vec4 v000002f63abe3df0_0;
    %load/vec4 v000002f63abe55b0_0;
    %and;
    %load/vec4 v000002f63abe55b0_0;
    %load/vec4 v000002f63abe5510_0;
    %and;
    %or;
    %load/vec4 v000002f63abe3df0_0;
    %load/vec4 v000002f63abe5510_0;
    %and;
    %or;
    %store/vec4 v000002f63abe5010_0, 0, 1;
    %jmp T_7;
    .thread T_7, $push;
    .scope S_000002f63ab7bc90;
T_8 ;
    %wait E_000002f63ab882c0;
    %load/vec4 v000002f63abe4570_0;
    %load/vec4 v000002f63abe4610_0;
    %xor;
    %load/vec4 v000002f63abe6f30_0;
    %xor;
    %store/vec4 v000002f63abe63f0_0, 0, 1;
    %load/vec4 v000002f63abe4570_0;
    %load/vec4 v000002f63abe4610_0;
    %and;
    %load/vec4 v000002f63abe4610_0;
    %load/vec4 v000002f63abe6f30_0;
    %and;
    %or;
    %load/vec4 v000002f63abe4570_0;
    %load/vec4 v000002f63abe6f30_0;
    %and;
    %or;
    %store/vec4 v000002f63abe3d50_0, 0, 1;
    %jmp T_8;
    .thread T_8, $push;
    .scope S_000002f63abe8900;
T_9 ;
    %wait E_000002f63ab88200;
    %load/vec4 v000002f63abe7d90_0;
    %load/vec4 v000002f63abe60d0_0;
    %xor;
    %load/vec4 v000002f63abe7070_0;
    %xor;
    %store/vec4 v000002f63abe71b0_0, 0, 1;
    %load/vec4 v000002f63abe7d90_0;
    %load/vec4 v000002f63abe60d0_0;
    %and;
    %load/vec4 v000002f63abe60d0_0;
    %load/vec4 v000002f63abe7070_0;
    %and;
    %or;
    %load/vec4 v000002f63abe7d90_0;
    %load/vec4 v000002f63abe7070_0;
    %and;
    %or;
    %store/vec4 v000002f63abe7e30_0, 0, 1;
    %jmp T_9;
    .thread T_9, $push;
    .scope S_000002f63ab326a0;
T_10 ;
    %wait E_000002f63ab87dc0;
    %load/vec4 v000002f63ab82030_0;
    %load/vec4 v000002f63ab82df0_0;
    %xor;
    %load/vec4 v000002f63ab82f30_0;
    %xor;
    %store/vec4 v000002f63ab81310_0, 0, 1;
    %load/vec4 v000002f63ab82030_0;
    %load/vec4 v000002f63ab82df0_0;
    %and;
    %load/vec4 v000002f63ab82df0_0;
    %load/vec4 v000002f63ab82f30_0;
    %and;
    %or;
    %load/vec4 v000002f63ab82030_0;
    %load/vec4 v000002f63ab82f30_0;
    %and;
    %or;
    %store/vec4 v000002f63ab81a90_0, 0, 1;
    %jmp T_10;
    .thread T_10, $push;
    .scope S_000002f63ab91780;
T_11 ;
    %wait E_000002f63ab87b00;
    %load/vec4 v000002f63ab79390_0;
    %load/vec4 v000002f63ab79570_0;
    %xor;
    %load/vec4 v000002f63ab79110_0;
    %xor;
    %store/vec4 v000002f63ab78d50_0, 0, 1;
    %load/vec4 v000002f63ab79390_0;
    %load/vec4 v000002f63ab79570_0;
    %and;
    %load/vec4 v000002f63ab79570_0;
    %load/vec4 v000002f63ab79110_0;
    %and;
    %or;
    %load/vec4 v000002f63ab79390_0;
    %load/vec4 v000002f63ab79110_0;
    %and;
    %or;
    %store/vec4 v000002f63ab79bb0_0, 0, 1;
    %jmp T_11;
    .thread T_11, $push;
    .scope S_000002f63ab91910;
T_12 ;
    %wait E_000002f63ab88480;
    %load/vec4 v000002f63ab79750_0;
    %load/vec4 v000002f63ab797f0_0;
    %xor;
    %load/vec4 v000002f63abe5790_0;
    %xor;
    %store/vec4 v000002f63abe4250_0, 0, 1;
    %load/vec4 v000002f63ab79750_0;
    %load/vec4 v000002f63ab797f0_0;
    %and;
    %load/vec4 v000002f63ab797f0_0;
    %load/vec4 v000002f63abe5790_0;
    %and;
    %or;
    %load/vec4 v000002f63ab79750_0;
    %load/vec4 v000002f63abe5790_0;
    %and;
    %or;
    %store/vec4 v000002f63ab79610_0, 0, 1;
    %jmp T_12;
    .thread T_12, $push;
    .scope S_000002f63ab91aa0;
T_13 ;
    %wait E_000002f63ab87e00;
    %load/vec4 v000002f63abe47f0_0;
    %load/vec4 v000002f63abe5830_0;
    %xor;
    %load/vec4 v000002f63abe58d0_0;
    %xor;
    %store/vec4 v000002f63abe42f0_0, 0, 1;
    %load/vec4 v000002f63abe47f0_0;
    %load/vec4 v000002f63abe5830_0;
    %and;
    %load/vec4 v000002f63abe5830_0;
    %load/vec4 v000002f63abe58d0_0;
    %and;
    %or;
    %load/vec4 v000002f63abe47f0_0;
    %load/vec4 v000002f63abe58d0_0;
    %and;
    %or;
    %store/vec4 v000002f63abe3f30_0, 0, 1;
    %jmp T_13;
    .thread T_13, $push;
    .scope S_000002f63abe5a90;
T_14 ;
    %wait E_000002f63ab87b80;
    %load/vec4 v000002f63abe3b70_0;
    %load/vec4 v000002f63abe50b0_0;
    %xor;
    %load/vec4 v000002f63abe3fd0_0;
    %xor;
    %store/vec4 v000002f63abe4110_0, 0, 1;
    %load/vec4 v000002f63abe3b70_0;
    %load/vec4 v000002f63abe50b0_0;
    %and;
    %load/vec4 v000002f63abe50b0_0;
    %load/vec4 v000002f63abe3fd0_0;
    %and;
    %or;
    %load/vec4 v000002f63abe3b70_0;
    %load/vec4 v000002f63abe3fd0_0;
    %and;
    %or;
    %store/vec4 v000002f63abe4ed0_0, 0, 1;
    %jmp T_14;
    .thread T_14, $push;
    .scope S_000002f63abe5c20;
T_15 ;
    %wait E_000002f63ab87940;
    %load/vec4 v000002f63abe4750_0;
    %load/vec4 v000002f63abe5970_0;
    %xor;
    %load/vec4 v000002f63abe5150_0;
    %xor;
    %store/vec4 v000002f63abe56f0_0, 0, 1;
    %load/vec4 v000002f63abe4750_0;
    %load/vec4 v000002f63abe5970_0;
    %and;
    %load/vec4 v000002f63abe5970_0;
    %load/vec4 v000002f63abe5150_0;
    %and;
    %or;
    %load/vec4 v000002f63abe4750_0;
    %load/vec4 v000002f63abe5150_0;
    %and;
    %or;
    %store/vec4 v000002f63abe5330_0, 0, 1;
    %jmp T_15;
    .thread T_15, $push;
    .scope S_000002f63ab91260;
T_16 ;
    %pushi/vec4 0, 0, 16;
    %store/vec4 v000002f63abe6530_0, 0, 16;
    %pushi/vec4 0, 0, 16;
    %store/vec4 v000002f63abe6c10_0, 0, 16;
    %pushi/vec4 0, 0, 1;
    %store/vec4 v000002f63abe7250_0, 0, 1;
    %end;
    .thread T_16;
    .scope S_000002f63ab91260;
T_17 ;
    %delay 2, 0;
    %load/vec4 v000002f63abe6530_0;
    %addi 1, 0, 16;
    %store/vec4 v000002f63abe6530_0, 0, 16;
    %jmp T_17;
    .thread T_17;
    .scope S_000002f63ab91260;
T_18 ;
    %delay 1, 0;
    %load/vec4 v000002f63abe6c10_0;
    %addi 1, 0, 16;
    %store/vec4 v000002f63abe6c10_0, 0, 16;
    %jmp T_18;
    .thread T_18;
    .scope S_000002f63ab91260;
T_19 ;
    %vpi_call 2 71 "$dumpfile", "sixteenbit_adder.vcd" {0 0 0};
    %vpi_call 2 72 "$dumpvars", 32'sb00000000000000000000000000000000, S_000002f63ab91260 {0 0 0};
    %vpi_call 2 73 "$monitor", "time=%g,sum =%b,carry =%b,a=%b,b=%b,c=%b", $time, v000002f63abe6030_0, v000002f63abe7bb0_0, v000002f63abe6530_0, v000002f63abe6c10_0, v000002f63abe7250_0 {0 0 0};
    %end;
    .thread T_19;
    .scope S_000002f63ab91260;
T_20 ;
    %delay 1000, 0;
    %vpi_call 2 75 "$finish" {0 0 0};
    %end;
    .thread T_20;
# The file index is used to find the file name in the following table.
:file_names 3;
    "N/A";
    "<interactive>";
    "sixteenbit_adder.v";
