#! /c/Source/iverilog-install/bin/vvp
:ivl_version "12.0 (devel)" "(s20150603-1539-g2693dd32b)";
:ivl_delay_selection "TYPICAL";
:vpi_time_precision + 0;
:vpi_module "C:\iverilog\lib\ivl\system.vpi";
:vpi_module "C:\iverilog\lib\ivl\vhdl_sys.vpi";
:vpi_module "C:\iverilog\lib\ivl\vhdl_textio.vpi";
:vpi_module "C:\iverilog\lib\ivl\v2005_math.vpi";
:vpi_module "C:\iverilog\lib\ivl\va_math.vpi";
S_000002d574ae9810 .scope module, "multiplexer_2to1_ifelse_test" "multiplexer_2to1_ifelse_test" 2 21;
 .timescale 0 0;
v000002d574b02510_0 .var "input1", 1 0;
v000002d574b025b0_0 .net "out", 0 0, v000002d574ae9f60_0;  1 drivers
v000002d574b02650_0 .var "select", 0 0;
S_000002d574ae9dd0 .scope module, "mp" "multiplexer_2to1_ifelse" 2 31, 2 1 0, S_000002d574ae9810;
 .timescale 0 0;
    .port_info 0 /OUTPUT 1 "out";
    .port_info 1 /INPUT 2 "input1";
    .port_info 2 /INPUT 1 "select";
v000002d574ae99a0_0 .net "input1", 1 0, v000002d574b02510_0;  1 drivers
v000002d574ae9f60_0 .var "out", 0 0;
v000002d574aea000_0 .net "select", 0 0, v000002d574b02650_0;  1 drivers
E_000002d574aec330 .event anyedge, v000002d574aea000_0, v000002d574ae99a0_0;
    .scope S_000002d574ae9dd0;
T_0 ;
    %wait E_000002d574aec330;
    %load/vec4 v000002d574aea000_0;
    %cmpi/e 1, 0, 1;
    %jmp/0xz  T_0.0, 4;
    %load/vec4 v000002d574ae99a0_0;
    %parti/s 1, 1, 2;
    %store/vec4 v000002d574ae9f60_0, 0, 1;
    %jmp T_0.1;
T_0.0 ;
    %load/vec4 v000002d574ae99a0_0;
    %parti/s 1, 0, 2;
    %store/vec4 v000002d574ae9f60_0, 0, 1;
T_0.1 ;
    %jmp T_0;
    .thread T_0, $push;
    .scope S_000002d574ae9810;
T_1 ;
    %pushi/vec4 0, 0, 2;
    %store/vec4 v000002d574b02510_0, 0, 2;
    %pushi/vec4 0, 0, 1;
    %store/vec4 v000002d574b02650_0, 0, 1;
    %end;
    .thread T_1;
    .scope S_000002d574ae9810;
T_2 ;
    %delay 1, 0;
    %load/vec4 v000002d574b02510_0;
    %addi 1, 0, 2;
    %store/vec4 v000002d574b02510_0, 0, 2;
    %jmp T_2;
    .thread T_2;
    .scope S_000002d574ae9810;
T_3 ;
    %delay 2, 0;
    %load/vec4 v000002d574b02650_0;
    %pad/u 2;
    %addi 1, 0, 2;
    %pad/u 1;
    %store/vec4 v000002d574b02650_0, 0, 1;
    %jmp T_3;
    .thread T_3;
    .scope S_000002d574ae9810;
T_4 ;
    %vpi_call 2 44 "$dumpfile", "multiplexer_2to1_ifelse.vcd" {0 0 0};
    %vpi_call 2 45 "$dumpvars", 32'sb00000000000000000000000000000000, S_000002d574ae9810 {0 0 0};
    %vpi_call 2 46 "$monitor", "time=%g,out =%b,a=%b,b=%b", $time, v000002d574b025b0_0, v000002d574b02510_0, v000002d574b02650_0 {0 0 0};
    %end;
    .thread T_4;
    .scope S_000002d574ae9810;
T_5 ;
    %delay 20, 0;
    %vpi_call 2 48 "$finish" {0 0 0};
    %end;
    .thread T_5;
# The file index is used to find the file name in the following table.
:file_names 3;
    "N/A";
    "<interactive>";
    "multiplexer_2to1_ifelse.v";
