#! /c/Source/iverilog-install/bin/vvp
:ivl_version "12.0 (devel)" "(s20150603-1539-g2693dd32b)";
:ivl_delay_selection "TYPICAL";
:vpi_time_precision - 12;
:vpi_module "C:\iverilog\lib\ivl\system.vpi";
:vpi_module "C:\iverilog\lib\ivl\vhdl_sys.vpi";
:vpi_module "C:\iverilog\lib\ivl\vhdl_textio.vpi";
:vpi_module "C:\iverilog\lib\ivl\v2005_math.vpi";
:vpi_module "C:\iverilog\lib\ivl\va_math.vpi";
S_000002ea90efbc30 .scope module, "c_element_test" "c_element_test" 2 15;
 .timescale -9 -12;
v000002ea90e25810_0 .var "input1", 0 0;
v000002ea90df2510_0 .var "input2", 0 0;
v000002ea90df25b0_0 .net "out", 0 0, L_000002ea90e806f0;  1 drivers
S_000002ea90efa040 .scope module, "enc" "c_element" 2 24, 2 3 0, S_000002ea90efbc30;
 .timescale -9 -12;
    .port_info 0 /OUTPUT 1 "out";
    .port_info 1 /INPUT 1 "input1";
    .port_info 2 /INPUT 1 "input2";
L_000002ea90e2a4e0 .functor AND 1, v000002ea90e25810_0, v000002ea90df2510_0, C4<1>, C4<1>;
L_000002ea90e80370 .functor AND 1, v000002ea90df2510_0, L_000002ea90e806f0, C4<1>, C4<1>;
L_000002ea90e7fa40 .functor OR 1, L_000002ea90e2a4e0, L_000002ea90e80370, C4<0>, C4<0>;
L_000002ea90e7fea0 .functor AND 1, v000002ea90e25810_0, L_000002ea90e806f0, C4<1>, C4<1>;
L_000002ea90e806f0 .functor OR 1, L_000002ea90e7fa40, L_000002ea90e7fea0, C4<0>, C4<0>;
v000002ea90df2fd0_0 .net *"_ivl_0", 0 0, L_000002ea90e2a4e0;  1 drivers
v000002ea90e25450_0 .net *"_ivl_2", 0 0, L_000002ea90e80370;  1 drivers
v000002ea90e254f0_0 .net *"_ivl_4", 0 0, L_000002ea90e7fa40;  1 drivers
v000002ea90e25590_0 .net *"_ivl_6", 0 0, L_000002ea90e7fea0;  1 drivers
v000002ea90e25630_0 .net "input1", 0 0, v000002ea90e25810_0;  1 drivers
v000002ea90e256d0_0 .net "input2", 0 0, v000002ea90df2510_0;  1 drivers
v000002ea90e25770_0 .net "out", 0 0, L_000002ea90e806f0;  alias, 1 drivers
    .scope S_000002ea90efbc30;
T_0 ;
    %pushi/vec4 1, 0, 1;
    %store/vec4 v000002ea90e25810_0, 0, 1;
    %pushi/vec4 0, 0, 1;
    %store/vec4 v000002ea90df2510_0, 0, 1;
    %end;
    .thread T_0;
    .scope S_000002ea90efbc30;
T_1 ;
    %delay 1000, 0;
    %pushi/vec4 0, 0, 1;
    %store/vec4 v000002ea90e25810_0, 0, 1;
    %delay 1000, 0;
    %pushi/vec4 1, 0, 1;
    %store/vec4 v000002ea90df2510_0, 0, 1;
    %delay 1000, 0;
    %pushi/vec4 1, 0, 1;
    %store/vec4 v000002ea90e25810_0, 0, 1;
    %delay 1000, 0;
    %pushi/vec4 1, 0, 1;
    %store/vec4 v000002ea90df2510_0, 0, 1;
    %delay 1000, 0;
    %pushi/vec4 0, 0, 1;
    %store/vec4 v000002ea90e25810_0, 0, 1;
    %delay 1000, 0;
    %pushi/vec4 1, 0, 1;
    %store/vec4 v000002ea90df2510_0, 0, 1;
    %delay 1000, 0;
    %pushi/vec4 1, 0, 1;
    %store/vec4 v000002ea90e25810_0, 0, 1;
    %delay 1000, 0;
    %pushi/vec4 0, 0, 1;
    %store/vec4 v000002ea90df2510_0, 0, 1;
    %delay 1000, 0;
    %pushi/vec4 1, 0, 1;
    %store/vec4 v000002ea90e25810_0, 0, 1;
    %delay 1000, 0;
    %pushi/vec4 1, 0, 1;
    %store/vec4 v000002ea90df2510_0, 0, 1;
    %delay 1000, 0;
    %pushi/vec4 0, 0, 1;
    %store/vec4 v000002ea90e25810_0, 0, 1;
    %delay 1000, 0;
    %pushi/vec4 1, 0, 1;
    %store/vec4 v000002ea90df2510_0, 0, 1;
    %delay 1000, 0;
    %pushi/vec4 0, 0, 1;
    %store/vec4 v000002ea90e25810_0, 0, 1;
    %delay 1000, 0;
    %pushi/vec4 0, 0, 1;
    %store/vec4 v000002ea90df2510_0, 0, 1;
    %delay 1000, 0;
    %pushi/vec4 1, 0, 1;
    %store/vec4 v000002ea90e25810_0, 0, 1;
    %delay 1000, 0;
    %pushi/vec4 0, 0, 1;
    %store/vec4 v000002ea90df2510_0, 0, 1;
    %delay 1000, 0;
    %pushi/vec4 0, 0, 1;
    %store/vec4 v000002ea90e25810_0, 0, 1;
    %delay 1000, 0;
    %pushi/vec4 1, 0, 1;
    %store/vec4 v000002ea90df2510_0, 0, 1;
    %delay 1000, 0;
    %pushi/vec4 1, 0, 1;
    %store/vec4 v000002ea90e25810_0, 0, 1;
    %delay 1000, 0;
    %pushi/vec4 0, 0, 1;
    %store/vec4 v000002ea90df2510_0, 0, 1;
    %delay 1000, 0;
    %pushi/vec4 0, 0, 1;
    %store/vec4 v000002ea90e25810_0, 0, 1;
    %delay 1000, 0;
    %pushi/vec4 0, 0, 1;
    %store/vec4 v000002ea90df2510_0, 0, 1;
    %delay 1000, 0;
    %pushi/vec4 0, 0, 1;
    %store/vec4 v000002ea90e25810_0, 0, 1;
    %delay 1000, 0;
    %pushi/vec4 0, 0, 1;
    %store/vec4 v000002ea90df2510_0, 0, 1;
    %delay 1000, 0;
    %pushi/vec4 0, 0, 1;
    %store/vec4 v000002ea90e25810_0, 0, 1;
    %delay 1000, 0;
    %pushi/vec4 1, 0, 1;
    %store/vec4 v000002ea90df2510_0, 0, 1;
    %delay 1000, 0;
    %pushi/vec4 0, 0, 1;
    %store/vec4 v000002ea90e25810_0, 0, 1;
    %delay 1000, 0;
    %pushi/vec4 1, 0, 1;
    %store/vec4 v000002ea90df2510_0, 0, 1;
    %delay 1000, 0;
    %pushi/vec4 1, 0, 1;
    %store/vec4 v000002ea90e25810_0, 0, 1;
    %delay 1000, 0;
    %pushi/vec4 0, 0, 1;
    %store/vec4 v000002ea90df2510_0, 0, 1;
    %delay 1000, 0;
    %pushi/vec4 0, 0, 1;
    %store/vec4 v000002ea90e25810_0, 0, 1;
    %delay 1000, 0;
    %pushi/vec4 0, 0, 1;
    %store/vec4 v000002ea90df2510_0, 0, 1;
    %delay 1000, 0;
    %pushi/vec4 0, 0, 1;
    %store/vec4 v000002ea90e25810_0, 0, 1;
    %delay 1000, 0;
    %pushi/vec4 0, 0, 1;
    %store/vec4 v000002ea90df2510_0, 0, 1;
    %delay 1000, 0;
    %pushi/vec4 0, 0, 1;
    %store/vec4 v000002ea90e25810_0, 0, 1;
    %delay 1000, 0;
    %pushi/vec4 1, 0, 1;
    %store/vec4 v000002ea90df2510_0, 0, 1;
    %delay 1000, 0;
    %pushi/vec4 0, 0, 1;
    %store/vec4 v000002ea90e25810_0, 0, 1;
    %delay 1000, 0;
    %pushi/vec4 0, 0, 1;
    %store/vec4 v000002ea90df2510_0, 0, 1;
    %delay 1000, 0;
    %pushi/vec4 1, 0, 1;
    %store/vec4 v000002ea90e25810_0, 0, 1;
    %delay 1000, 0;
    %pushi/vec4 1, 0, 1;
    %store/vec4 v000002ea90df2510_0, 0, 1;
    %delay 1000, 0;
    %pushi/vec4 1, 0, 1;
    %store/vec4 v000002ea90e25810_0, 0, 1;
    %delay 1000, 0;
    %pushi/vec4 0, 0, 1;
    %store/vec4 v000002ea90df2510_0, 0, 1;
    %delay 1000, 0;
    %pushi/vec4 0, 0, 1;
    %store/vec4 v000002ea90e25810_0, 0, 1;
    %delay 1000, 0;
    %pushi/vec4 1, 0, 1;
    %store/vec4 v000002ea90df2510_0, 0, 1;
    %delay 1000, 0;
    %pushi/vec4 1, 0, 1;
    %store/vec4 v000002ea90e25810_0, 0, 1;
    %delay 1000, 0;
    %pushi/vec4 1, 0, 1;
    %store/vec4 v000002ea90df2510_0, 0, 1;
    %delay 1000, 0;
    %pushi/vec4 0, 0, 1;
    %store/vec4 v000002ea90e25810_0, 0, 1;
    %delay 1000, 0;
    %pushi/vec4 1, 0, 1;
    %store/vec4 v000002ea90df2510_0, 0, 1;
    %delay 1000, 0;
    %pushi/vec4 0, 0, 1;
    %store/vec4 v000002ea90e25810_0, 0, 1;
    %delay 1000, 0;
    %pushi/vec4 1, 0, 1;
    %store/vec4 v000002ea90df2510_0, 0, 1;
    %delay 1000, 0;
    %pushi/vec4 0, 0, 1;
    %store/vec4 v000002ea90e25810_0, 0, 1;
    %delay 1000, 0;
    %pushi/vec4 1, 0, 1;
    %store/vec4 v000002ea90df2510_0, 0, 1;
    %delay 1000, 0;
    %pushi/vec4 1, 0, 1;
    %store/vec4 v000002ea90e25810_0, 0, 1;
    %delay 1000, 0;
    %pushi/vec4 1, 0, 1;
    %store/vec4 v000002ea90df2510_0, 0, 1;
    %delay 1000, 0;
    %pushi/vec4 1, 0, 1;
    %store/vec4 v000002ea90e25810_0, 0, 1;
    %delay 1000, 0;
    %pushi/vec4 1, 0, 1;
    %store/vec4 v000002ea90df2510_0, 0, 1;
    %delay 1000, 0;
    %pushi/vec4 1, 0, 1;
    %store/vec4 v000002ea90e25810_0, 0, 1;
    %delay 1000, 0;
    %pushi/vec4 0, 0, 1;
    %store/vec4 v000002ea90df2510_0, 0, 1;
    %end;
    .thread T_1;
    .scope S_000002ea90efbc30;
T_2 ;
    %vpi_call 2 93 "$dumpfile", "c_element.vcd" {0 0 0};
    %vpi_call 2 94 "$dumpvars", 32'sb00000000000000000000000000000000, S_000002ea90efbc30 {0 0 0};
    %vpi_call 2 95 "$monitor", "time = %g, out = %b, input1 = %b, input2 = %b", $time, v000002ea90df25b0_0, v000002ea90e25810_0, v000002ea90df2510_0 {0 0 0};
    %end;
    .thread T_2;
    .scope S_000002ea90efbc30;
T_3 ;
    %delay 70000, 0;
    %vpi_call 2 97 "$finish" {0 0 0};
    %end;
    .thread T_3;
# The file index is used to find the file name in the following table.
:file_names 3;
    "N/A";
    "<interactive>";
    "c_element.v";
