#! /c/Source/iverilog-install/bin/vvp
:ivl_version "12.0 (devel)" "(s20150603-1539-g2693dd32b)";
:ivl_delay_selection "TYPICAL";
:vpi_time_precision + 0;
:vpi_module "C:\iverilog\lib\ivl\system.vpi";
:vpi_module "C:\iverilog\lib\ivl\vhdl_sys.vpi";
:vpi_module "C:\iverilog\lib\ivl\vhdl_textio.vpi";
:vpi_module "C:\iverilog\lib\ivl\v2005_math.vpi";
:vpi_module "C:\iverilog\lib\ivl\va_math.vpi";
S_00000206ac26ae60 .scope module, "halfadder_test" "halfadder_test" 2 17;
 .timescale 0 0;
v00000206ac26b410_0 .net "carry", 0 0, v00000206ac269890_0;  1 drivers
v00000206ac26b4b0_0 .var "input1", 0 0;
v00000206ac26b550_0 .var "input2", 0 0;
v00000206ac26b5f0_0 .net "sum", 0 0, v00000206ac26b370_0;  1 drivers
S_00000206ac26ba50 .scope module, "ha" "halfadder_behavioral" 2 28, 2 1 0, S_00000206ac26ae60;
 .timescale 0 0;
    .port_info 0 /OUTPUT 1 "sum";
    .port_info 1 /OUTPUT 1 "carry";
    .port_info 2 /INPUT 1 "input1";
    .port_info 3 /INPUT 1 "input2";
v00000206ac269890_0 .var "carry", 0 0;
v00000206ac26bbe0_0 .net "input1", 0 0, v00000206ac26b4b0_0;  1 drivers
v00000206ac26bc80_0 .net "input2", 0 0, v00000206ac26b550_0;  1 drivers
v00000206ac26b370_0 .var "sum", 0 0;
E_00000206ac26c840 .event anyedge, v00000206ac26bbe0_0, v00000206ac26bc80_0;
    .scope S_00000206ac26ba50;
T_0 ;
    %wait E_00000206ac26c840;
    %load/vec4 v00000206ac26bbe0_0;
    %load/vec4 v00000206ac26bc80_0;
    %xor;
    %store/vec4 v00000206ac26b370_0, 0, 1;
    %load/vec4 v00000206ac26bbe0_0;
    %load/vec4 v00000206ac26bc80_0;
    %and;
    %store/vec4 v00000206ac269890_0, 0, 1;
    %jmp T_0;
    .thread T_0, $push;
    .scope S_00000206ac26ae60;
T_1 ;
    %pushi/vec4 0, 0, 1;
    %store/vec4 v00000206ac26b4b0_0, 0, 1;
    %pushi/vec4 0, 0, 1;
    %store/vec4 v00000206ac26b550_0, 0, 1;
    %delay 2, 0;
    %pushi/vec4 0, 0, 1;
    %store/vec4 v00000206ac26b4b0_0, 0, 1;
    %pushi/vec4 1, 0, 1;
    %store/vec4 v00000206ac26b550_0, 0, 1;
    %delay 2, 0;
    %pushi/vec4 1, 0, 1;
    %store/vec4 v00000206ac26b4b0_0, 0, 1;
    %pushi/vec4 0, 0, 1;
    %store/vec4 v00000206ac26b550_0, 0, 1;
    %delay 2, 0;
    %pushi/vec4 1, 0, 1;
    %store/vec4 v00000206ac26b4b0_0, 0, 1;
    %pushi/vec4 1, 0, 1;
    %store/vec4 v00000206ac26b550_0, 0, 1;
    %end;
    .thread T_1;
    .scope S_00000206ac26ae60;
T_2 ;
    %vpi_call 2 39 "$dumpfile", "halfadder_behavioral.vcd" {0 0 0};
    %vpi_call 2 40 "$dumpvars", 32'sb00000000000000000000000000000000, S_00000206ac26ae60 {0 0 0};
    %vpi_call 2 41 "$monitor", "time=%g,s=%b,c=%b,a=%b,b=%b", $time, v00000206ac26b5f0_0, v00000206ac26b410_0, v00000206ac26b4b0_0, v00000206ac26b550_0 {0 0 0};
    %end;
    .thread T_2;
    .scope S_00000206ac26ae60;
T_3 ;
    %delay 10, 0;
    %vpi_call 2 43 "$finish" {0 0 0};
    %end;
    .thread T_3;
# The file index is used to find the file name in the following table.
:file_names 3;
    "N/A";
    "<interactive>";
    "halfadder_behavioral.v";
